Microsoft (R) Windows (R) Resource Compiler, Version 5.00.1823.1 - Build 1823
Copyright (C) Microsoft Corp. 1985-1998. All rights reserved.

Using codepage 1252 as default
Creating RAGrid.res
RC: RCPP -CP 1252 -f C:\Program Files (x86)\FbEditSVN\Code\CustomControl\RAGrid\RCa04064 -g C:\Program Files (x86)\FbEditSVN\Code\CustomControl\RAGrid\RDa04064 -DRC_INVOKED -D_WIN32 -pc\:/ -E -I. -I Src\ -I .

Src\RAGrid.rc.
Writing VERSION:1,	lang:0x409,	size 592.
Writing BITMAP:100,	lang:0x409,	size 1464.
Writing CURSOR:1,	lang:0x409,	size 308
Writing GROUP_CURSOR:102,	lang:0x409,	size 20
 Assembling: Src\RAGrid.asm
Microsoft (R) Incremental Linker Version 5.12.8078
Copyright (C) Microsoft Corp 1992-1998. All rights reserved.


Start Pass1
Processed /DEFAULTLIB:kernel32.lib
Processed /DEFAULTLIB:user32.lib
Processed /DEFAULTLIB:gdi32.lib
Processed /DEFAULTLIB:Comctl32.lib

Searching Libraries
    Searching C:\Program Files (x86)\Masm32\Lib\kernel32.lib:
      Found _FileTimeToSystemTime@8
        Referenced in RAGrid.obj
        Loaded kernel32.lib(kernel32.dll)
      Found _GetDateFormatA@24
        Referenced in RAGrid.obj
        Loaded kernel32.lib(kernel32.dll)
      Found _GetSystemTime@4
        Referenced in RAGrid.obj
        Loaded kernel32.lib(kernel32.dll)
      Found _GetTickCount@0
        Referenced in RAGrid.obj
        Loaded kernel32.lib(kernel32.dll)
      Found _GetTimeFormatA@24
        Referenced in RAGrid.obj
        Loaded kernel32.lib(kernel32.dll)
      Found _GlobalAlloc@8
        Referenced in RAGrid.obj
        Loaded kernel32.lib(kernel32.dll)
      Found _GlobalFree@4
        Referenced in RAGrid.obj
        Loaded kernel32.lib(kernel32.dll)
      Found _GlobalLock@4
        Referenced in RAGrid.obj
        Loaded kernel32.lib(kernel32.dll)
      Found _GlobalReAlloc@12
        Referenced in RAGrid.obj
        Loaded kernel32.lib(kernel32.dll)
      Found _GlobalUnlock@4
        Referenced in RAGrid.obj
        Loaded kernel32.lib(kernel32.dll)
      Found _SystemTimeToFileTime@8
        Referenced in RAGrid.obj
        Loaded kernel32.lib(kernel32.dll)
      Found _lstrcatA@8
        Referenced in RAGrid.obj
        Loaded kernel32.lib(kernel32.dll)
      Found __IMPORT_DESCRIPTOR_kernel32
        Referenced in kernel32.lib(kernel32.dll)
        Referenced in kernel32.lib(kernel32.dll)
        Referenced in kernel32.lib(kernel32.dll)
        Referenced in kernel32.lib(kernel32.dll)
        Referenced in kernel32.lib(kernel32.dll)
        Referenced in kernel32.lib(kernel32.dll)
        Referenced in kernel32.lib(kernel32.dll)
        Referenced in kernel32.lib(kernel32.dll)
        Referenced in kernel32.lib(kernel32.dll)
        Referenced in kernel32.lib(kernel32.dll)
        Referenced in kernel32.lib(kernel32.dll)
        Referenced in kernel32.lib(kernel32.dll)
        Loaded kernel32.lib(kernel32.dll)
      Found __NULL_IMPORT_DESCRIPTOR
        Referenced in kernel32.lib(kernel32.dll)
        Loaded kernel32.lib(kernel32.dll)
      Found kernel32_NULL_THUNK_DATA
        Referenced in kernel32.lib(kernel32.dll)
        Loaded kernel32.lib(kernel32.dll)
    Searching C:\Program Files (x86)\Masm32\Lib\user32.lib:
      Found _BeginPaint@8
        Referenced in RAGrid.obj
        Loaded user32.lib(user32.dll)
      Found _CallWindowProcA@20
        Referenced in RAGrid.obj
        Loaded user32.lib(user32.dll)
      Found _ClientToScreen@8
        Referenced in RAGrid.obj
        Loaded user32.lib(user32.dll)
      Found _CopyRect@8
        Referenced in RAGrid.obj
        Loaded user32.lib(user32.dll)
      Found _CreateWindowExA@48
        Referenced in RAGrid.obj
        Loaded user32.lib(user32.dll)
      Found _DefWindowProcA@16
        Referenced in RAGrid.obj
        Loaded user32.lib(user32.dll)
      Found _DestroyCursor@4
        Referenced in RAGrid.obj
        Loaded user32.lib(user32.dll)
      Found _DestroyWindow@4
        Referenced in RAGrid.obj
        Loaded user32.lib(user32.dll)
      Found _DrawEdge@16
        Referenced in RAGrid.obj
        Loaded user32.lib(user32.dll)
      Found _DrawFocusRect@8
        Referenced in RAGrid.obj
        Loaded user32.lib(user32.dll)
      Found _DrawFrameControl@16
        Referenced in RAGrid.obj
        Loaded user32.lib(user32.dll)
      Found _DrawTextA@20
        Referenced in RAGrid.obj
        Loaded user32.lib(user32.dll)
      Found _EndPaint@8
        Referenced in RAGrid.obj
        Loaded user32.lib(user32.dll)
      Found _FillRect@12
        Referenced in RAGrid.obj
        Loaded user32.lib(user32.dll)
      Found _FrameRect@12
        Referenced in RAGrid.obj
        Loaded user32.lib(user32.dll)
      Found _GetAsyncKeyState@4
        Referenced in RAGrid.obj
        Loaded user32.lib(user32.dll)
      Found _GetCapture@0
        Referenced in RAGrid.obj
        Loaded user32.lib(user32.dll)
      Found _GetClientRect@8
        Referenced in RAGrid.obj
        Loaded user32.lib(user32.dll)
      Found _GetCursorPos@4
        Referenced in RAGrid.obj
        Loaded user32.lib(user32.dll)
      Found _GetDesktopWindow@0
        Referenced in RAGrid.obj
        Loaded user32.lib(user32.dll)
      Found _GetFocus@0
        Referenced in RAGrid.obj
        Loaded user32.lib(user32.dll)
      Found _GetKeyState@4
        Referenced in RAGrid.obj
        Loaded user32.lib(user32.dll)
      Found _GetParent@4
        Referenced in RAGrid.obj
        Loaded user32.lib(user32.dll)
      Found _GetScrollInfo@12
        Referenced in RAGrid.obj
        Loaded user32.lib(user32.dll)
      Found _GetSysColor@4
        Referenced in RAGrid.obj
        Loaded user32.lib(user32.dll)
      Found _GetWindowDC@4
        Referenced in RAGrid.obj
        Loaded user32.lib(user32.dll)
      Found _GetWindowLongA@8
        Referenced in RAGrid.obj
        Loaded user32.lib(user32.dll)
      Found _GetWindowRect@8
        Referenced in RAGrid.obj
        Loaded user32.lib(user32.dll)
      Found _GetWindowTextA@12
        Referenced in RAGrid.obj
        Loaded user32.lib(user32.dll)
      Found _InvalidateRect@12
        Referenced in RAGrid.obj
        Loaded user32.lib(user32.dll)
      Found _IsWindowVisible@4
        Referenced in RAGrid.obj
        Loaded user32.lib(user32.dll)
      Found _LoadBitmapA@8
        Referenced in RAGrid.obj
        Loaded user32.lib(user32.dll)
      Found _LoadCursorA@8
        Referenced in RAGrid.obj
        Loaded user32.lib(user32.dll)
      Found _MessageBeep@4
        Referenced in RAGrid.obj
        Loaded user32.lib(user32.dll)
      Found _MoveWindow@24
        Referenced in RAGrid.obj
        Loaded user32.lib(user32.dll)
      Found _PostMessageA@16
        Referenced in RAGrid.obj
        Loaded user32.lib(user32.dll)
      Found _RegisterClassExA@4
        Referenced in RAGrid.obj
        Loaded user32.lib(user32.dll)
      Found _ReleaseCapture@0
        Referenced in RAGrid.obj
        Loaded user32.lib(user32.dll)
      Found _ReleaseDC@8
        Referenced in RAGrid.obj
        Loaded user32.lib(user32.dll)
      Found _ScreenToClient@8
        Referenced in RAGrid.obj
        Loaded user32.lib(user32.dll)
      Found _ScrollWindow@20
        Referenced in RAGrid.obj
        Loaded user32.lib(user32.dll)
      Found _SendMessageA@16
        Referenced in RAGrid.obj
        Loaded user32.lib(user32.dll)
      Found _SetCapture@4
        Referenced in RAGrid.obj
        Loaded user32.lib(user32.dll)
      Found _SetCursor@4
        Referenced in RAGrid.obj
        Loaded user32.lib(user32.dll)
      Found _SetFocus@4
        Referenced in RAGrid.obj
        Loaded user32.lib(user32.dll)
      Found _SetParent@8
        Referenced in RAGrid.obj
        Loaded user32.lib(user32.dll)
      Found _SetScrollInfo@16
        Referenced in RAGrid.obj
        Loaded user32.lib(user32.dll)
      Found _SetWindowLongA@12
        Referenced in RAGrid.obj
        Loaded user32.lib(user32.dll)
      Found _ShowWindow@8
        Referenced in RAGrid.obj
        Loaded user32.lib(user32.dll)
      Found _UpdateWindow@4
        Referenced in RAGrid.obj
        Loaded user32.lib(user32.dll)
      Found __IMPORT_DESCRIPTOR_user32
        Referenced in user32.lib(user32.dll)
        Referenced in user32.lib(user32.dll)
        Referenced in user32.lib(user32.dll)
        Referenced in user32.lib(user32.dll)
        Referenced in user32.lib(user32.dll)
        Referenced in user32.lib(user32.dll)
        Referenced in user32.lib(user32.dll)
        Referenced in user32.lib(user32.dll)
        Referenced in user32.lib(user32.dll)
        Referenced in user32.lib(user32.dll)
        Referenced in user32.lib(user32.dll)
        Referenced in user32.lib(user32.dll)
        Referenced in user32.lib(user32.dll)
        Referenced in user32.lib(user32.dll)
        Referenced in user32.lib(user32.dll)
        Referenced in user32.lib(user32.dll)
        Referenced in user32.lib(user32.dll)
        Referenced in user32.lib(user32.dll)
        Referenced in user32.lib(user32.dll)
        Referenced in user32.lib(user32.dll)
        Referenced in user32.lib(user32.dll)
        Referenced in user32.lib(user32.dll)
        Referenced in user32.lib(user32.dll)
        Referenced in user32.lib(user32.dll)
        Referenced in user32.lib(user32.dll)
        Referenced in user32.lib(user32.dll)
        Referenced in user32.lib(user32.dll)
        Referenced in user32.lib(user32.dll)
        Referenced in user32.lib(user32.dll)
        Referenced in user32.lib(user32.dll)
        Referenced in user32.lib(user32.dll)
        Referenced in user32.lib(user32.dll)
        Referenced in user32.lib(user32.dll)
        Referenced in user32.lib(user32.dll)
        Referenced in user32.lib(user32.dll)
        Referenced in user32.lib(user32.dll)
        Referenced in user32.lib(user32.dll)
        Referenced in user32.lib(user32.dll)
        Referenced in user32.lib(user32.dll)
        Referenced in user32.lib(user32.dll)
        Referenced in user32.lib(user32.dll)
        Referenced in user32.lib(user32.dll)
        Referenced in user32.lib(user32.dll)
        Referenced in user32.lib(user32.dll)
        Referenced in user32.lib(user32.dll)
        Referenced in user32.lib(user32.dll)
        Referenced in user32.lib(user32.dll)
        Referenced in user32.lib(user32.dll)
        Referenced in user32.lib(user32.dll)
        Referenced in user32.lib(user32.dll)
        Loaded user32.lib(user32.dll)
      Found user32_NULL_THUNK_DATA
        Referenced in user32.lib(user32.dll)
        Loaded user32.lib(user32.dll)
    Searching C:\Program Files (x86)\Masm32\Lib\gdi32.lib:
      Found _BitBlt@36
        Referenced in RAGrid.obj
        Loaded gdi32.lib(gdi32.dll)
      Found _CreateCompatibleBitmap@12
        Referenced in RAGrid.obj
        Loaded gdi32.lib(gdi32.dll)
      Found _CreateCompatibleDC@4
        Referenced in RAGrid.obj
        Loaded gdi32.lib(gdi32.dll)
      Found _CreatePen@12
        Referenced in RAGrid.obj
        Loaded gdi32.lib(gdi32.dll)
      Found _CreateRectRgn@16
        Referenced in RAGrid.obj
        Loaded gdi32.lib(gdi32.dll)
      Found _CreateSolidBrush@4
        Referenced in RAGrid.obj
        Loaded gdi32.lib(gdi32.dll)
      Found _DeleteDC@4
        Referenced in RAGrid.obj
        Loaded gdi32.lib(gdi32.dll)
      Found _DeleteObject@4
        Referenced in RAGrid.obj
        Loaded gdi32.lib(gdi32.dll)
      Found _ExtTextOutA@32
        Referenced in RAGrid.obj
        Loaded gdi32.lib(gdi32.dll)
      Found _GetStockObject@4
        Referenced in RAGrid.obj
        Loaded gdi32.lib(gdi32.dll)
      Found _GetTextColor@4
        Referenced in RAGrid.obj
        Loaded gdi32.lib(gdi32.dll)
      Found _LineTo@12
        Referenced in RAGrid.obj
        Loaded gdi32.lib(gdi32.dll)
      Found _MoveToEx@16
        Referenced in RAGrid.obj
        Loaded gdi32.lib(gdi32.dll)
      Found _SelectClipRgn@8
        Referenced in RAGrid.obj
        Loaded gdi32.lib(gdi32.dll)
      Found _SelectObject@8
        Referenced in RAGrid.obj
        Loaded gdi32.lib(gdi32.dll)
      Found _SetBkColor@8
        Referenced in RAGrid.obj
        Loaded gdi32.lib(gdi32.dll)
      Found _SetBkMode@8
        Referenced in RAGrid.obj
        Loaded gdi32.lib(gdi32.dll)
      Found _SetTextColor@8
        Referenced in RAGrid.obj
        Loaded gdi32.lib(gdi32.dll)
      Found _TextOutA@20
        Referenced in RAGrid.obj
        Loaded gdi32.lib(gdi32.dll)
      Found __IMPORT_DESCRIPTOR_gdi32
        Referenced in gdi32.lib(gdi32.dll)
        Referenced in gdi32.lib(gdi32.dll)
        Referenced in gdi32.lib(gdi32.dll)
        Referenced in gdi32.lib(gdi32.dll)
        Referenced in gdi32.lib(gdi32.dll)
        Referenced in gdi32.lib(gdi32.dll)
        Referenced in gdi32.lib(gdi32.dll)
        Referenced in gdi32.lib(gdi32.dll)
        Referenced in gdi32.lib(gdi32.dll)
        Referenced in gdi32.lib(gdi32.dll)
        Referenced in gdi32.lib(gdi32.dll)
        Referenced in gdi32.lib(gdi32.dll)
        Referenced in gdi32.lib(gdi32.dll)
        Referenced in gdi32.lib(gdi32.dll)
        Referenced in gdi32.lib(gdi32.dll)
        Referenced in gdi32.lib(gdi32.dll)
        Referenced in gdi32.lib(gdi32.dll)
        Referenced in gdi32.lib(gdi32.dll)
        Referenced in gdi32.lib(gdi32.dll)
        Loaded gdi32.lib(gdi32.dll)
      Found gdi32_NULL_THUNK_DATA
        Referenced in gdi32.lib(gdi32.dll)
        Loaded gdi32.lib(gdi32.dll)
    Searching C:\Program Files (x86)\Masm32\Lib\Comctl32.lib:
      Found _ImageList_Draw@24
        Referenced in RAGrid.obj
        Loaded Comctl32.lib(comctl32.dll)
      Found _ImageList_GetIconSize@12
        Referenced in RAGrid.obj
        Loaded Comctl32.lib(comctl32.dll)
      Found _InitCommonControlsEx@4
        Referenced in RAGrid.obj
        Loaded Comctl32.lib(comctl32.dll)
      Found _LBItemFromPt@16
        Referenced in RAGrid.obj
        Loaded Comctl32.lib(comctl32.dll)
      Found __IMPORT_DESCRIPTOR_comctl32
        Referenced in Comctl32.lib(comctl32.dll)
        Referenced in Comctl32.lib(comctl32.dll)
        Referenced in Comctl32.lib(comctl32.dll)
        Referenced in Comctl32.lib(comctl32.dll)
        Loaded Comctl32.lib(comctl32.dll)
      Found comctl32_NULL_THUNK_DATA
        Referenced in Comctl32.lib(comctl32.dll)
        Loaded Comctl32.lib(comctl32.dll)

Done Searching Libraries

Start Generating .exp file
Microsoft (R) Library Manager Version 5.12.8078
Copyright (C) Microsoft Corp 1992-1998. All rights reserved.

"/def:Src\RAGrid.def" 
"/name:RAGrid.dll" 
"/out:Build\RAGrid.lib" 
"/libpath:C:\Program Files (x86)\Masm32\Lib" 
/include:_DllEntry@12 
/SUBSYSTEM:CONSOLE 
"RAGrid.obj" 
"RAGrid.res" 
/machine:IX86 
/verbose 

Start Pass1
Processed /DEFAULTLIB:kernel32.lib
Processed /DEFAULTLIB:user32.lib
Processed /DEFAULTLIB:gdi32.lib
Processed /DEFAULTLIB:Comctl32.lib

Searching Libraries
    Searching C:\Program Files (x86)\Masm32\Lib\kernel32.lib:
      Found _FileTimeToSystemTime@8
        Referenced in RAGrid.obj
        Loaded kernel32.lib(kernel32.dll)
      Found _GetDateFormatA@24
        Referenced in RAGrid.obj
        Loaded kernel32.lib(kernel32.dll)
      Found _GetSystemTime@4
        Referenced in RAGrid.obj
        Loaded kernel32.lib(kernel32.dll)
      Found _GetTickCount@0
        Referenced in RAGrid.obj
        Loaded kernel32.lib(kernel32.dll)
      Found _GetTimeFormatA@24
        Referenced in RAGrid.obj
        Loaded kernel32.lib(kernel32.dll)
      Found _GlobalAlloc@8
        Referenced in RAGrid.obj
        Loaded kernel32.lib(kernel32.dll)
      Found _GlobalFree@4
        Referenced in RAGrid.obj
        Loaded kernel32.lib(kernel32.dll)
      Found _GlobalLock@4
        Referenced in RAGrid.obj
        Loaded kernel32.lib(kernel32.dll)
      Found _GlobalReAlloc@12
        Referenced in RAGrid.obj
        Loaded kernel32.lib(kernel32.dll)
      Found _GlobalUnlock@4
        Referenced in RAGrid.obj
        Loaded kernel32.lib(kernel32.dll)
      Found _SystemTimeToFileTime@8
        Referenced in RAGrid.obj
        Loaded kernel32.lib(kernel32.dll)
      Found _lstrcatA@8
        Referenced in RAGrid.obj
        Loaded kernel32.lib(kernel32.dll)
      Found __IMPORT_DESCRIPTOR_kernel32
        Referenced in kernel32.lib(kernel32.dll)
        Referenced in kernel32.lib(kernel32.dll)
        Referenced in kernel32.lib(kernel32.dll)
        Referenced in kernel32.lib(kernel32.dll)
        Referenced in kernel32.lib(kernel32.dll)
        Referenced in kernel32.lib(kernel32.dll)
        Referenced in kernel32.lib(kernel32.dll)
        Referenced in kernel32.lib(kernel32.dll)
        Referenced in kernel32.lib(kernel32.dll)
        Referenced in kernel32.lib(kernel32.dll)
        Referenced in kernel32.lib(kernel32.dll)
        Referenced in kernel32.lib(kernel32.dll)
        Loaded kernel32.lib(kernel32.dll)
      Found __NULL_IMPORT_DESCRIPTOR
        Referenced in kernel32.lib(kernel32.dll)
        Loaded kernel32.lib(kernel32.dll)
      Found kernel32_NULL_THUNK_DATA
        Referenced in kernel32.lib(kernel32.dll)
        Loaded kernel32.lib(kernel32.dll)
    Searching C:\Program Files (x86)\Masm32\Lib\user32.lib:
      Found _BeginPaint@8
        Referenced in RAGrid.obj
        Loaded user32.lib(user32.dll)
      Found _CallWindowProcA@20
        Referenced in RAGrid.obj
        Loaded user32.lib(user32.dll)
      Found _ClientToScreen@8
        Referenced in RAGrid.obj
        Loaded user32.lib(user32.dll)
      Found _CopyRect@8
        Referenced in RAGrid.obj
        Loaded user32.lib(user32.dll)
      Found _CreateWindowExA@48
        Referenced in RAGrid.obj
        Loaded user32.lib(user32.dll)
      Found _DefWindowProcA@16
        Referenced in RAGrid.obj
        Loaded user32.lib(user32.dll)
      Found _DestroyCursor@4
        Referenced in RAGrid.obj
        Loaded user32.lib(user32.dll)
      Found _DestroyWindow@4
        Referenced in RAGrid.obj
        Loaded user32.lib(user32.dll)
      Found _DrawEdge@16
        Referenced in RAGrid.obj
        Loaded user32.lib(user32.dll)
      Found _DrawFocusRect@8
        Referenced in RAGrid.obj
        Loaded user32.lib(user32.dll)
      Found _DrawFrameControl@16
        Referenced in RAGrid.obj
        Loaded user32.lib(user32.dll)
      Found _DrawTextA@20
        Referenced in RAGrid.obj
        Loaded user32.lib(user32.dll)
      Found _EndPaint@8
        Referenced in RAGrid.obj
        Loaded user32.lib(user32.dll)
      Found _FillRect@12
        Referenced in RAGrid.obj
        Loaded user32.lib(user32.dll)
      Found _FrameRect@12
        Referenced in RAGrid.obj
        Loaded user32.lib(user32.dll)
      Found _GetAsyncKeyState@4
        Referenced in RAGrid.obj
        Loaded user32.lib(user32.dll)
      Found _GetCapture@0
        Referenced in RAGrid.obj
        Loaded user32.lib(user32.dll)
      Found _GetClientRect@8
        Referenced in RAGrid.obj
        Loaded user32.lib(user32.dll)
      Found _GetCursorPos@4
        Referenced in RAGrid.obj
        Loaded user32.lib(user32.dll)
      Found _GetDesktopWindow@0
        Referenced in RAGrid.obj
        Loaded user32.lib(user32.dll)
      Found _GetFocus@0
        Referenced in RAGrid.obj
        Loaded user32.lib(user32.dll)
      Found _GetKeyState@4
        Referenced in RAGrid.obj
        Loaded user32.lib(user32.dll)
      Found _GetParent@4
        Referenced in RAGrid.obj
        Loaded user32.lib(user32.dll)
      Found _GetScrollInfo@12
        Referenced in RAGrid.obj
        Loaded user32.lib(user32.dll)
      Found _GetSysColor@4
        Referenced in RAGrid.obj
        Loaded user32.lib(user32.dll)
      Found _GetWindowDC@4
        Referenced in RAGrid.obj
        Loaded user32.lib(user32.dll)
      Found _GetWindowLongA@8
        Referenced in RAGrid.obj
        Loaded user32.lib(user32.dll)
      Found _GetWindowRect@8
        Referenced in RAGrid.obj
        Loaded user32.lib(user32.dll)
      Found _GetWindowTextA@12
        Referenced in RAGrid.obj
        Loaded user32.lib(user32.dll)
      Found _InvalidateRect@12
        Referenced in RAGrid.obj
        Loaded user32.lib(user32.dll)
      Found _IsWindowVisible@4
        Referenced in RAGrid.obj
        Loaded user32.lib(user32.dll)
      Found _LoadBitmapA@8
        Referenced in RAGrid.obj
        Loaded user32.lib(user32.dll)
      Found _LoadCursorA@8
        Referenced in RAGrid.obj
        Loaded user32.lib(user32.dll)
      Found _MessageBeep@4
        Referenced in RAGrid.obj
        Loaded user32.lib(user32.dll)
      Found _MoveWindow@24
        Referenced in RAGrid.obj
        Loaded user32.lib(user32.dll)
      Found _PostMessageA@16
        Referenced in RAGrid.obj
        Loaded user32.lib(user32.dll)
      Found _RegisterClassExA@4
        Referenced in RAGrid.obj
        Loaded user32.lib(user32.dll)
      Found _ReleaseCapture@0
        Referenced in RAGrid.obj
        Loaded user32.lib(user32.dll)
      Found _ReleaseDC@8
        Referenced in RAGrid.obj
        Loaded user32.lib(user32.dll)
      Found _ScreenToClient@8
        Referenced in RAGrid.obj
        Loaded user32.lib(user32.dll)
      Found _ScrollWindow@20
        Referenced in RAGrid.obj
        Loaded user32.lib(user32.dll)
      Found _SendMessageA@16
        Referenced in RAGrid.obj
        Loaded user32.lib(user32.dll)
      Found _SetCapture@4
        Referenced in RAGrid.obj
        Loaded user32.lib(user32.dll)
      Found _SetCursor@4
        Referenced in RAGrid.obj
        Loaded user32.lib(user32.dll)
      Found _SetFocus@4
        Referenced in RAGrid.obj
        Loaded user32.lib(user32.dll)
      Found _SetParent@8
        Referenced in RAGrid.obj
        Loaded user32.lib(user32.dll)
      Found _SetScrollInfo@16
        Referenced in RAGrid.obj
        Loaded user32.lib(user32.dll)
      Found _SetWindowLongA@12
        Referenced in RAGrid.obj
        Loaded user32.lib(user32.dll)
      Found _ShowWindow@8
        Referenced in RAGrid.obj
        Loaded user32.lib(user32.dll)
      Found _UpdateWindow@4
        Referenced in RAGrid.obj
        Loaded user32.lib(user32.dll)
      Found __IMPORT_DESCRIPTOR_user32
        Referenced in user32.lib(user32.dll)
        Referenced in user32.lib(user32.dll)
        Referenced in user32.lib(user32.dll)
        Referenced in user32.lib(user32.dll)
        Referenced in user32.lib(user32.dll)
        Referenced in user32.lib(user32.dll)
        Referenced in user32.lib(user32.dll)
        Referenced in user32.lib(user32.dll)
        Referenced in user32.lib(user32.dll)
        Referenced in user32.lib(user32.dll)
        Referenced in user32.lib(user32.dll)
        Referenced in user32.lib(user32.dll)
        Referenced in user32.lib(user32.dll)
        Referenced in user32.lib(user32.dll)
        Referenced in user32.lib(user32.dll)
        Referenced in user32.lib(user32.dll)
        Referenced in user32.lib(user32.dll)
        Referenced in user32.lib(user32.dll)
        Referenced in user32.lib(user32.dll)
        Referenced in user32.lib(user32.dll)
        Referenced in user32.lib(user32.dll)
        Referenced in user32.lib(user32.dll)
        Referenced in user32.lib(user32.dll)
        Referenced in user32.lib(user32.dll)
        Referenced in user32.lib(user32.dll)
        Referenced in user32.lib(user32.dll)
        Referenced in user32.lib(user32.dll)
        Referenced in user32.lib(user32.dll)
        Referenced in user32.lib(user32.dll)
        Referenced in user32.lib(user32.dll)
        Referenced in user32.lib(user32.dll)
        Referenced in user32.lib(user32.dll)
        Referenced in user32.lib(user32.dll)
        Referenced in user32.lib(user32.dll)
        Referenced in user32.lib(user32.dll)
        Referenced in user32.lib(user32.dll)
        Referenced in user32.lib(user32.dll)
        Referenced in user32.lib(user32.dll)
        Referenced in user32.lib(user32.dll)
        Referenced in user32.lib(user32.dll)
        Referenced in user32.lib(user32.dll)
        Referenced in user32.lib(user32.dll)
        Referenced in user32.lib(user32.dll)
        Referenced in user32.lib(user32.dll)
        Referenced in user32.lib(user32.dll)
        Referenced in user32.lib(user32.dll)
        Referenced in user32.lib(user32.dll)
        Referenced in user32.lib(user32.dll)
        Referenced in user32.lib(user32.dll)
        Referenced in user32.lib(user32.dll)
        Loaded user32.lib(user32.dll)
      Found user32_NULL_THUNK_DATA
        Referenced in user32.lib(user32.dll)
        Loaded user32.lib(user32.dll)
    Searching C:\Program Files (x86)\Masm32\Lib\gdi32.lib:
      Found _BitBlt@36
        Referenced in RAGrid.obj
        Loaded gdi32.lib(gdi32.dll)
      Found _CreateCompatibleBitmap@12
        Referenced in RAGrid.obj
        Loaded gdi32.lib(gdi32.dll)
      Found _CreateCompatibleDC@4
        Referenced in RAGrid.obj
        Loaded gdi32.lib(gdi32.dll)
      Found _CreatePen@12
        Referenced in RAGrid.obj
        Loaded gdi32.lib(gdi32.dll)
      Found _CreateRectRgn@16
        Referenced in RAGrid.obj
        Loaded gdi32.lib(gdi32.dll)
      Found _CreateSolidBrush@4
        Referenced in RAGrid.obj
        Loaded gdi32.lib(gdi32.dll)
      Found _DeleteDC@4
        Referenced in RAGrid.obj
        Loaded gdi32.lib(gdi32.dll)
      Found _DeleteObject@4
        Referenced in RAGrid.obj
        Loaded gdi32.lib(gdi32.dll)
      Found _ExtTextOutA@32
        Referenced in RAGrid.obj
        Loaded gdi32.lib(gdi32.dll)
      Found _GetStockObject@4
        Referenced in RAGrid.obj
        Loaded gdi32.lib(gdi32.dll)
      Found _GetTextColor@4
        Referenced in RAGrid.obj
        Loaded gdi32.lib(gdi32.dll)
      Found _LineTo@12
        Referenced in RAGrid.obj
        Loaded gdi32.lib(gdi32.dll)
      Found _MoveToEx@16
        Referenced in RAGrid.obj
        Loaded gdi32.lib(gdi32.dll)
      Found _SelectClipRgn@8
        Referenced in RAGrid.obj
        Loaded gdi32.lib(gdi32.dll)
      Found _SelectObject@8
        Referenced in RAGrid.obj
        Loaded gdi32.lib(gdi32.dll)
      Found _SetBkColor@8
        Referenced in RAGrid.obj
        Loaded gdi32.lib(gdi32.dll)
      Found _SetBkMode@8
        Referenced in RAGrid.obj
        Loaded gdi32.lib(gdi32.dll)
      Found _SetTextColor@8
        Referenced in RAGrid.obj
        Loaded gdi32.lib(gdi32.dll)
      Found _TextOutA@20
        Referenced in RAGrid.obj
        Loaded gdi32.lib(gdi32.dll)
      Found __IMPORT_DESCRIPTOR_gdi32
        Referenced in gdi32.lib(gdi32.dll)
        Referenced in gdi32.lib(gdi32.dll)
        Referenced in gdi32.lib(gdi32.dll)
        Referenced in gdi32.lib(gdi32.dll)
        Referenced in gdi32.lib(gdi32.dll)
        Referenced in gdi32.lib(gdi32.dll)
        Referenced in gdi32.lib(gdi32.dll)
        Referenced in gdi32.lib(gdi32.dll)
        Referenced in gdi32.lib(gdi32.dll)
        Referenced in gdi32.lib(gdi32.dll)
        Referenced in gdi32.lib(gdi32.dll)
        Referenced in gdi32.lib(gdi32.dll)
        Referenced in gdi32.lib(gdi32.dll)
        Referenced in gdi32.lib(gdi32.dll)
        Referenced in gdi32.lib(gdi32.dll)
        Referenced in gdi32.lib(gdi32.dll)
        Referenced in gdi32.lib(gdi32.dll)
        Referenced in gdi32.lib(gdi32.dll)
        Referenced in gdi32.lib(gdi32.dll)
        Loaded gdi32.lib(gdi32.dll)
      Found gdi32_NULL_THUNK_DATA
        Referenced in gdi32.lib(gdi32.dll)
        Loaded gdi32.lib(gdi32.dll)
    Searching C:\Program Files (x86)\Masm32\Lib\Comctl32.lib:
      Found _ImageList_Draw@24
        Referenced in RAGrid.obj
        Loaded Comctl32.lib(comctl32.dll)
      Found _ImageList_GetIconSize@12
        Referenced in RAGrid.obj
        Loaded Comctl32.lib(comctl32.dll)
      Found _InitCommonControlsEx@4
        Referenced in RAGrid.obj
        Loaded Comctl32.lib(comctl32.dll)
      Found _LBItemFromPt@16
        Referenced in RAGrid.obj
        Loaded Comctl32.lib(comctl32.dll)
      Found __IMPORT_DESCRIPTOR_comctl32
        Referenced in Comctl32.lib(comctl32.dll)
        Referenced in Comctl32.lib(comctl32.dll)
        Referenced in Comctl32.lib(comctl32.dll)
        Referenced in Comctl32.lib(comctl32.dll)
        Loaded Comctl32.lib(comctl32.dll)
      Found comctl32_NULL_THUNK_DATA
        Referenced in Comctl32.lib(comctl32.dll)
        Loaded Comctl32.lib(comctl32.dll)

Done Searching Libraries

End Pass1

   Creating library Build\RAGrid.lib and object Build\RAGrid.exp

End Generating .exp file

Searching Libraries
    Searching C:\Program Files (x86)\Masm32\Lib\kernel32.lib:

Done Searching Libraries

End Pass1

Start Pass2
     RAGrid.exp
     RAGrid.res
     RAGrid.obj
     kernel32.lib(kernel32.dll)
     kernel32.lib(kernel32.dll)
     kernel32.lib(kernel32.dll)
     kernel32.lib(kernel32.dll)
     kernel32.lib(kernel32.dll)
     kernel32.lib(kernel32.dll)
     kernel32.lib(kernel32.dll)
     kernel32.lib(kernel32.dll)
     kernel32.lib(kernel32.dll)
     kernel32.lib(kernel32.dll)
     kernel32.lib(kernel32.dll)
     kernel32.lib(kernel32.dll)
     kernel32.lib(kernel32.dll)
     kernel32.lib(kernel32.dll)
     kernel32.lib(kernel32.dll)
     user32.lib(user32.dll)
     user32.lib(user32.dll)
     user32.lib(user32.dll)
     user32.lib(user32.dll)
     user32.lib(user32.dll)
     user32.lib(user32.dll)
     user32.lib(user32.dll)
     user32.lib(user32.dll)
     user32.lib(user32.dll)
     user32.lib(user32.dll)
     user32.lib(user32.dll)
     user32.lib(user32.dll)
     user32.lib(user32.dll)
     user32.lib(user32.dll)
     user32.lib(user32.dll)
     user32.lib(user32.dll)
     user32.lib(user32.dll)
     user32.lib(user32.dll)
     user32.lib(user32.dll)
     user32.lib(user32.dll)
     user32.lib(user32.dll)
     user32.lib(user32.dll)
     user32.lib(user32.dll)
     user32.lib(user32.dll)
     user32.lib(user32.dll)
     user32.lib(user32.dll)
     user32.lib(user32.dll)
     user32.lib(user32.dll)
     user32.lib(user32.dll)
     user32.lib(user32.dll)
     user32.lib(user32.dll)
     user32.lib(user32.dll)
     user32.lib(user32.dll)
     user32.lib(user32.dll)
     user32.lib(user32.dll)
     user32.lib(user32.dll)
     user32.lib(user32.dll)
     user32.lib(user32.dll)
     user32.lib(user32.dll)
     user32.lib(user32.dll)
     user32.lib(user32.dll)
     user32.lib(user32.dll)
     user32.lib(user32.dll)
     user32.lib(user32.dll)
     user32.lib(user32.dll)
     user32.lib(user32.dll)
     user32.lib(user32.dll)
     user32.lib(user32.dll)
     user32.lib(user32.dll)
     user32.lib(user32.dll)
     user32.lib(user32.dll)
     user32.lib(user32.dll)
     gdi32.lib(gdi32.dll)
     gdi32.lib(gdi32.dll)
     gdi32.lib(gdi32.dll)
     gdi32.lib(gdi32.dll)
     gdi32.lib(gdi32.dll)
     gdi32.lib(gdi32.dll)
     gdi32.lib(gdi32.dll)
     gdi32.lib(gdi32.dll)
     gdi32.lib(gdi32.dll)
     gdi32.lib(gdi32.dll)
     gdi32.lib(gdi32.dll)
     gdi32.lib(gdi32.dll)
     gdi32.lib(gdi32.dll)
     gdi32.lib(gdi32.dll)
     gdi32.lib(gdi32.dll)
     gdi32.lib(gdi32.dll)
     gdi32.lib(gdi32.dll)
     gdi32.lib(gdi32.dll)
     gdi32.lib(gdi32.dll)
     gdi32.lib(gdi32.dll)
     gdi32.lib(gdi32.dll)
     Comctl32.lib(comctl32.dll)
     Comctl32.lib(comctl32.dll)
     Comctl32.lib(comctl32.dll)
     Comctl32.lib(comctl32.dll)
     Comctl32.lib(comctl32.dll)
     Comctl32.lib(comctl32.dll)
End Pass2
 Assembling: Src\RAGrid.asm
RAGrid.obj
