Microsoft (R) Windows (R) Resource Compiler, Version 5.00.1823.1 - Build 1823
Copyright (C) Microsoft Corp. 1985-1998. All rights reserved.

Using codepage 1252 as default
Creating RATools.res
RC: RCPP -CP 1252 -f C:\Program Files (x86)\FbEditSVN\Code\CustomControl\RATools\RCa02812 -g C:\Program Files (x86)\FbEditSVN\Code\CustomControl\RATools\RDa02812 -DRC_INVOKED -D_WIN32 -pc\:/ -E -I. -I Src\ -I .

Src\RATools.rc.
Writing BITMAP:100,	lang:0x409,	size 344.
Writing CURSOR:1,	lang:0x409,	size 308
Writing GROUP_CURSOR:150,	lang:0x409,	size 20.
Writing CURSOR:2,	lang:0x409,	size 308
Writing GROUP_CURSOR:151,	lang:0x409,	size 20
 Assembling: Src\RATools.asm
------------------------------------------
WARNING Duplicate include file windows.inc
------------------------------------------
-----------------------------------------
WARNING Duplicate include file kernel32.inc
-----------------------------------------
-----------------------------------------
WARNING Duplicate include file user32.inc
-----------------------------------------
-----------------------------------------
WARNING Duplicate include file masm32.inc
-----------------------------------------
Microsoft (R) Incremental Linker Version 5.12.8078
Copyright (C) Microsoft Corp 1992-1998. All rights reserved.


Start Pass1
Processed /DEFAULTLIB:user32.lib
Processed /DEFAULTLIB:kernel32.lib
Processed /DEFAULTLIB:gdi32.lib
Processed /DEFAULTLIB:debug.lib
Processed /DEFAULTLIB:masm32.lib

Searching Libraries
    Searching C:\Program Files (x86)\Masm32\Lib\user32.lib:
      Found _ClientToScreen@8
        Referenced in RATools.obj
        Loaded user32.lib(user32.dll)
      Found _CopyRect@8
        Referenced in RATools.obj
        Loaded user32.lib(user32.dll)
      Found _CreateWindowExA@48
        Referenced in RATools.obj
        Loaded user32.lib(user32.dll)
      Found _DefWindowProcA@16
        Referenced in RATools.obj
        Loaded user32.lib(user32.dll)
      Found _DestroyWindow@4
        Referenced in RATools.obj
        Loaded user32.lib(user32.dll)
      Found _DrawFrameControl@16
        Referenced in RATools.obj
        Loaded user32.lib(user32.dll)
      Found _DrawTextA@20
        Referenced in RATools.obj
        Loaded user32.lib(user32.dll)
      Found _FillRect@12
        Referenced in RATools.obj
        Loaded user32.lib(user32.dll)
      Found _GetClientRect@8
        Referenced in RATools.obj
        Loaded user32.lib(user32.dll)
      Found _GetDC@4
        Referenced in RATools.obj
        Loaded user32.lib(user32.dll)
      Found _GetSysColor@4
        Referenced in RATools.obj
        Loaded user32.lib(user32.dll)
      Found _GetWindowLongA@8
        Referenced in RATools.obj
        Loaded user32.lib(user32.dll)
      Found _GetWindowRect@8
        Referenced in RATools.obj
        Loaded user32.lib(user32.dll)
      Found _InvalidateRect@12
        Referenced in RATools.obj
        Loaded user32.lib(user32.dll)
      Found _IsChild@8
        Referenced in RATools.obj
        Loaded user32.lib(user32.dll)
      Found _LoadBitmapA@8
        Referenced in RATools.obj
        Loaded user32.lib(user32.dll)
      Found _LoadCursorA@8
        Referenced in RATools.obj
        Loaded user32.lib(user32.dll)
      Found _MoveWindow@24
        Referenced in RATools.obj
        Loaded user32.lib(user32.dll)
      Found _RegisterClassExA@4
        Referenced in RATools.obj
        Loaded user32.lib(user32.dll)
      Found _ReleaseCapture@0
        Referenced in RATools.obj
        Loaded user32.lib(user32.dll)
      Found _ReleaseDC@8
        Referenced in RATools.obj
        Loaded user32.lib(user32.dll)
      Found _SendMessageA@16
        Referenced in RATools.obj
        Loaded user32.lib(user32.dll)
      Found _SetCapture@4
        Referenced in RATools.obj
        Loaded user32.lib(user32.dll)
      Found _SetCursor@4
        Referenced in RATools.obj
        Loaded user32.lib(user32.dll)
      Found _SetCursorPos@8
        Referenced in RATools.obj
        Loaded user32.lib(user32.dll)
      Found _SetFocus@4
        Referenced in RATools.obj
        Loaded user32.lib(user32.dll)
      Found _SetParent@8
        Referenced in RATools.obj
        Loaded user32.lib(user32.dll)
      Found _SetWindowLongA@12
        Referenced in RATools.obj
        Loaded user32.lib(user32.dll)
      Found _ShowWindow@8
        Referenced in RATools.obj
        Loaded user32.lib(user32.dll)
      Found __IMPORT_DESCRIPTOR_user32
        Referenced in user32.lib(user32.dll)
        Referenced in user32.lib(user32.dll)
        Referenced in user32.lib(user32.dll)
        Referenced in user32.lib(user32.dll)
        Referenced in user32.lib(user32.dll)
        Referenced in user32.lib(user32.dll)
        Referenced in user32.lib(user32.dll)
        Referenced in user32.lib(user32.dll)
        Referenced in user32.lib(user32.dll)
        Referenced in user32.lib(user32.dll)
        Referenced in user32.lib(user32.dll)
        Referenced in user32.lib(user32.dll)
        Referenced in user32.lib(user32.dll)
        Referenced in user32.lib(user32.dll)
        Referenced in user32.lib(user32.dll)
        Referenced in user32.lib(user32.dll)
        Referenced in user32.lib(user32.dll)
        Referenced in user32.lib(user32.dll)
        Referenced in user32.lib(user32.dll)
        Referenced in user32.lib(user32.dll)
        Referenced in user32.lib(user32.dll)
        Referenced in user32.lib(user32.dll)
        Referenced in user32.lib(user32.dll)
        Referenced in user32.lib(user32.dll)
        Referenced in user32.lib(user32.dll)
        Referenced in user32.lib(user32.dll)
        Referenced in user32.lib(user32.dll)
        Referenced in user32.lib(user32.dll)
        Referenced in user32.lib(user32.dll)
        Loaded user32.lib(user32.dll)
      Found __NULL_IMPORT_DESCRIPTOR
        Referenced in user32.lib(user32.dll)
        Loaded user32.lib(user32.dll)
      Found user32_NULL_THUNK_DATA
        Referenced in user32.lib(user32.dll)
        Loaded user32.lib(user32.dll)
    Searching C:\Program Files (x86)\Masm32\Lib\kernel32.lib:
      Found _GlobalAlloc@8
        Referenced in RATools.obj
        Loaded kernel32.lib(kernel32.dll)
      Found _GlobalFree@4
        Referenced in RATools.obj
        Loaded kernel32.lib(kernel32.dll)
      Found _RtlZeroMemory@8
        Referenced in RATools.obj
        Loaded kernel32.lib(kernel32.dll)
      Found __IMPORT_DESCRIPTOR_kernel32
        Referenced in kernel32.lib(kernel32.dll)
        Referenced in kernel32.lib(kernel32.dll)
        Referenced in kernel32.lib(kernel32.dll)
        Loaded kernel32.lib(kernel32.dll)
      Found kernel32_NULL_THUNK_DATA
        Referenced in kernel32.lib(kernel32.dll)
        Loaded kernel32.lib(kernel32.dll)
    Searching C:\Program Files (x86)\Masm32\Lib\gdi32.lib:
      Found _BitBlt@36
        Referenced in RATools.obj
        Loaded gdi32.lib(gdi32.dll)
      Found _CreateCompatibleBitmap@12
        Referenced in RATools.obj
        Loaded gdi32.lib(gdi32.dll)
      Found _CreateCompatibleDC@4
        Referenced in RATools.obj
        Loaded gdi32.lib(gdi32.dll)
      Found _DeleteDC@4
        Referenced in RATools.obj
        Loaded gdi32.lib(gdi32.dll)
      Found _DeleteObject@4
        Referenced in RATools.obj
        Loaded gdi32.lib(gdi32.dll)
      Found _GetBitmapBits@12
        Referenced in RATools.obj
        Loaded gdi32.lib(gdi32.dll)
      Found _GetObjectA@12
        Referenced in RATools.obj
        Loaded gdi32.lib(gdi32.dll)
      Found _GetStockObject@4
        Referenced in RATools.obj
        Loaded gdi32.lib(gdi32.dll)
      Found _GetTextColor@4
        Referenced in RATools.obj
        Loaded gdi32.lib(gdi32.dll)
      Found _SelectObject@8
        Referenced in RATools.obj
        Loaded gdi32.lib(gdi32.dll)
      Found _SetBitmapBits@12
        Referenced in RATools.obj
        Loaded gdi32.lib(gdi32.dll)
      Found _SetBkColor@8
        Referenced in RATools.obj
        Loaded gdi32.lib(gdi32.dll)
      Found _SetBkMode@8
        Referenced in RATools.obj
        Loaded gdi32.lib(gdi32.dll)
      Found _SetTextColor@8
        Referenced in RATools.obj
        Loaded gdi32.lib(gdi32.dll)
      Found __IMPORT_DESCRIPTOR_gdi32
        Referenced in gdi32.lib(gdi32.dll)
        Referenced in gdi32.lib(gdi32.dll)
        Referenced in gdi32.lib(gdi32.dll)
        Referenced in gdi32.lib(gdi32.dll)
        Referenced in gdi32.lib(gdi32.dll)
        Referenced in gdi32.lib(gdi32.dll)
        Referenced in gdi32.lib(gdi32.dll)
        Referenced in gdi32.lib(gdi32.dll)
        Referenced in gdi32.lib(gdi32.dll)
        Referenced in gdi32.lib(gdi32.dll)
        Referenced in gdi32.lib(gdi32.dll)
        Referenced in gdi32.lib(gdi32.dll)
        Referenced in gdi32.lib(gdi32.dll)
        Referenced in gdi32.lib(gdi32.dll)
        Loaded gdi32.lib(gdi32.dll)
      Found gdi32_NULL_THUNK_DATA
        Referenced in gdi32.lib(gdi32.dll)
        Loaded gdi32.lib(gdi32.dll)

Done Searching Libraries

Start Generating .exp file
Microsoft (R) Library Manager Version 5.12.8078
Copyright (C) Microsoft Corp 1992-1998. All rights reserved.

"/def:Src\RATools.def" 
"/name:RATools.dll" 
"/out:Build\RATools.lib" 
"/libpath:C:\Program Files (x86)\Masm32\Lib" 
/include:_DllEntry@12 
/SUBSYSTEM:CONSOLE 
"RATools.obj" 
"RATools.res" 
/machine:IX86 
/verbose 

Start Pass1
Processed /DEFAULTLIB:user32.lib
Processed /DEFAULTLIB:kernel32.lib
Processed /DEFAULTLIB:gdi32.lib
Processed /DEFAULTLIB:debug.lib
Processed /DEFAULTLIB:masm32.lib

Searching Libraries
    Searching C:\Program Files (x86)\Masm32\Lib\user32.lib:
      Found _ClientToScreen@8
        Referenced in RATools.obj
        Loaded user32.lib(user32.dll)
      Found _CopyRect@8
        Referenced in RATools.obj
        Loaded user32.lib(user32.dll)
      Found _CreateWindowExA@48
        Referenced in RATools.obj
        Loaded user32.lib(user32.dll)
      Found _DefWindowProcA@16
        Referenced in RATools.obj
        Loaded user32.lib(user32.dll)
      Found _DestroyWindow@4
        Referenced in RATools.obj
        Loaded user32.lib(user32.dll)
      Found _DrawFrameControl@16
        Referenced in RATools.obj
        Loaded user32.lib(user32.dll)
      Found _DrawTextA@20
        Referenced in RATools.obj
        Loaded user32.lib(user32.dll)
      Found _FillRect@12
        Referenced in RATools.obj
        Loaded user32.lib(user32.dll)
      Found _GetClientRect@8
        Referenced in RATools.obj
        Loaded user32.lib(user32.dll)
      Found _GetDC@4
        Referenced in RATools.obj
        Loaded user32.lib(user32.dll)
      Found _GetSysColor@4
        Referenced in RATools.obj
        Loaded user32.lib(user32.dll)
      Found _GetWindowLongA@8
        Referenced in RATools.obj
        Loaded user32.lib(user32.dll)
      Found _GetWindowRect@8
        Referenced in RATools.obj
        Loaded user32.lib(user32.dll)
      Found _InvalidateRect@12
        Referenced in RATools.obj
        Loaded user32.lib(user32.dll)
      Found _IsChild@8
        Referenced in RATools.obj
        Loaded user32.lib(user32.dll)
      Found _LoadBitmapA@8
        Referenced in RATools.obj
        Loaded user32.lib(user32.dll)
      Found _LoadCursorA@8
        Referenced in RATools.obj
        Loaded user32.lib(user32.dll)
      Found _MoveWindow@24
        Referenced in RATools.obj
        Loaded user32.lib(user32.dll)
      Found _RegisterClassExA@4
        Referenced in RATools.obj
        Loaded user32.lib(user32.dll)
      Found _ReleaseCapture@0
        Referenced in RATools.obj
        Loaded user32.lib(user32.dll)
      Found _ReleaseDC@8
        Referenced in RATools.obj
        Loaded user32.lib(user32.dll)
      Found _SendMessageA@16
        Referenced in RATools.obj
        Loaded user32.lib(user32.dll)
      Found _SetCapture@4
        Referenced in RATools.obj
        Loaded user32.lib(user32.dll)
      Found _SetCursor@4
        Referenced in RATools.obj
        Loaded user32.lib(user32.dll)
      Found _SetCursorPos@8
        Referenced in RATools.obj
        Loaded user32.lib(user32.dll)
      Found _SetFocus@4
        Referenced in RATools.obj
        Loaded user32.lib(user32.dll)
      Found _SetParent@8
        Referenced in RATools.obj
        Loaded user32.lib(user32.dll)
      Found _SetWindowLongA@12
        Referenced in RATools.obj
        Loaded user32.lib(user32.dll)
      Found _ShowWindow@8
        Referenced in RATools.obj
        Loaded user32.lib(user32.dll)
      Found __IMPORT_DESCRIPTOR_user32
        Referenced in user32.lib(user32.dll)
        Referenced in user32.lib(user32.dll)
        Referenced in user32.lib(user32.dll)
        Referenced in user32.lib(user32.dll)
        Referenced in user32.lib(user32.dll)
        Referenced in user32.lib(user32.dll)
        Referenced in user32.lib(user32.dll)
        Referenced in user32.lib(user32.dll)
        Referenced in user32.lib(user32.dll)
        Referenced in user32.lib(user32.dll)
        Referenced in user32.lib(user32.dll)
        Referenced in user32.lib(user32.dll)
        Referenced in user32.lib(user32.dll)
        Referenced in user32.lib(user32.dll)
        Referenced in user32.lib(user32.dll)
        Referenced in user32.lib(user32.dll)
        Referenced in user32.lib(user32.dll)
        Referenced in user32.lib(user32.dll)
        Referenced in user32.lib(user32.dll)
        Referenced in user32.lib(user32.dll)
        Referenced in user32.lib(user32.dll)
        Referenced in user32.lib(user32.dll)
        Referenced in user32.lib(user32.dll)
        Referenced in user32.lib(user32.dll)
        Referenced in user32.lib(user32.dll)
        Referenced in user32.lib(user32.dll)
        Referenced in user32.lib(user32.dll)
        Referenced in user32.lib(user32.dll)
        Referenced in user32.lib(user32.dll)
        Loaded user32.lib(user32.dll)
      Found __NULL_IMPORT_DESCRIPTOR
        Referenced in user32.lib(user32.dll)
        Loaded user32.lib(user32.dll)
      Found user32_NULL_THUNK_DATA
        Referenced in user32.lib(user32.dll)
        Loaded user32.lib(user32.dll)
    Searching C:\Program Files (x86)\Masm32\Lib\kernel32.lib:
      Found _GlobalAlloc@8
        Referenced in RATools.obj
        Loaded kernel32.lib(kernel32.dll)
      Found _GlobalFree@4
        Referenced in RATools.obj
        Loaded kernel32.lib(kernel32.dll)
      Found _RtlZeroMemory@8
        Referenced in RATools.obj
        Loaded kernel32.lib(kernel32.dll)
      Found __IMPORT_DESCRIPTOR_kernel32
        Referenced in kernel32.lib(kernel32.dll)
        Referenced in kernel32.lib(kernel32.dll)
        Referenced in kernel32.lib(kernel32.dll)
        Loaded kernel32.lib(kernel32.dll)
      Found kernel32_NULL_THUNK_DATA
        Referenced in kernel32.lib(kernel32.dll)
        Loaded kernel32.lib(kernel32.dll)
    Searching C:\Program Files (x86)\Masm32\Lib\gdi32.lib:
      Found _BitBlt@36
        Referenced in RATools.obj
        Loaded gdi32.lib(gdi32.dll)
      Found _CreateCompatibleBitmap@12
        Referenced in RATools.obj
        Loaded gdi32.lib(gdi32.dll)
      Found _CreateCompatibleDC@4
        Referenced in RATools.obj
        Loaded gdi32.lib(gdi32.dll)
      Found _DeleteDC@4
        Referenced in RATools.obj
        Loaded gdi32.lib(gdi32.dll)
      Found _DeleteObject@4
        Referenced in RATools.obj
        Loaded gdi32.lib(gdi32.dll)
      Found _GetBitmapBits@12
        Referenced in RATools.obj
        Loaded gdi32.lib(gdi32.dll)
      Found _GetObjectA@12
        Referenced in RATools.obj
        Loaded gdi32.lib(gdi32.dll)
      Found _GetStockObject@4
        Referenced in RATools.obj
        Loaded gdi32.lib(gdi32.dll)
      Found _GetTextColor@4
        Referenced in RATools.obj
        Loaded gdi32.lib(gdi32.dll)
      Found _SelectObject@8
        Referenced in RATools.obj
        Loaded gdi32.lib(gdi32.dll)
      Found _SetBitmapBits@12
        Referenced in RATools.obj
        Loaded gdi32.lib(gdi32.dll)
      Found _SetBkColor@8
        Referenced in RATools.obj
        Loaded gdi32.lib(gdi32.dll)
      Found _SetBkMode@8
        Referenced in RATools.obj
        Loaded gdi32.lib(gdi32.dll)
      Found _SetTextColor@8
        Referenced in RATools.obj
        Loaded gdi32.lib(gdi32.dll)
      Found __IMPORT_DESCRIPTOR_gdi32
        Referenced in gdi32.lib(gdi32.dll)
        Referenced in gdi32.lib(gdi32.dll)
        Referenced in gdi32.lib(gdi32.dll)
        Referenced in gdi32.lib(gdi32.dll)
        Referenced in gdi32.lib(gdi32.dll)
        Referenced in gdi32.lib(gdi32.dll)
        Referenced in gdi32.lib(gdi32.dll)
        Referenced in gdi32.lib(gdi32.dll)
        Referenced in gdi32.lib(gdi32.dll)
        Referenced in gdi32.lib(gdi32.dll)
        Referenced in gdi32.lib(gdi32.dll)
        Referenced in gdi32.lib(gdi32.dll)
        Referenced in gdi32.lib(gdi32.dll)
        Referenced in gdi32.lib(gdi32.dll)
        Loaded gdi32.lib(gdi32.dll)
      Found gdi32_NULL_THUNK_DATA
        Referenced in gdi32.lib(gdi32.dll)
        Loaded gdi32.lib(gdi32.dll)

Done Searching Libraries

End Pass1

   Creating library Build\RATools.lib and object Build\RATools.exp

End Generating .exp file

Searching Libraries
    Searching C:\Program Files (x86)\Masm32\Lib\user32.lib:

Done Searching Libraries

End Pass1

    Discarded ".idata$6" from user32.lib(user32.dll)
    Discarded ".idata$4" from user32.lib(user32.dll)
    Discarded __imp__IsChild@8 from user32.lib(user32.dll)
    Discarded _IsChild@8 from user32.lib(user32.dll)
Start Pass2
     RATools.exp
     RATools.res
     RATools.obj
     user32.lib(user32.dll)
     user32.lib(user32.dll)
     user32.lib(user32.dll)
     user32.lib(user32.dll)
     user32.lib(user32.dll)
     user32.lib(user32.dll)
     user32.lib(user32.dll)
     user32.lib(user32.dll)
     user32.lib(user32.dll)
     user32.lib(user32.dll)
     user32.lib(user32.dll)
     user32.lib(user32.dll)
     user32.lib(user32.dll)
     user32.lib(user32.dll)
     user32.lib(user32.dll)
     user32.lib(user32.dll)
     user32.lib(user32.dll)
     user32.lib(user32.dll)
     user32.lib(user32.dll)
     user32.lib(user32.dll)
     user32.lib(user32.dll)
     user32.lib(user32.dll)
     user32.lib(user32.dll)
     user32.lib(user32.dll)
     user32.lib(user32.dll)
     user32.lib(user32.dll)
     user32.lib(user32.dll)
     user32.lib(user32.dll)
     user32.lib(user32.dll)
     user32.lib(user32.dll)
     user32.lib(user32.dll)
     user32.lib(user32.dll)
     kernel32.lib(kernel32.dll)
     kernel32.lib(kernel32.dll)
     kernel32.lib(kernel32.dll)
     kernel32.lib(kernel32.dll)
     kernel32.lib(kernel32.dll)
     gdi32.lib(gdi32.dll)
     gdi32.lib(gdi32.dll)
     gdi32.lib(gdi32.dll)
     gdi32.lib(gdi32.dll)
     gdi32.lib(gdi32.dll)
     gdi32.lib(gdi32.dll)
     gdi32.lib(gdi32.dll)
     gdi32.lib(gdi32.dll)
     gdi32.lib(gdi32.dll)
     gdi32.lib(gdi32.dll)
     gdi32.lib(gdi32.dll)
     gdi32.lib(gdi32.dll)
     gdi32.lib(gdi32.dll)
     gdi32.lib(gdi32.dll)
     gdi32.lib(gdi32.dll)
     gdi32.lib(gdi32.dll)
End Pass2
 Assembling: Src\RATools.asm
------------------------------------------
WARNING Duplicate include file windows.inc
------------------------------------------
-----------------------------------------
WARNING Duplicate include file kernel32.inc
-----------------------------------------
-----------------------------------------
WARNING Duplicate include file user32.inc
-----------------------------------------
-----------------------------------------
WARNING Duplicate include file masm32.inc
-----------------------------------------
RATools.obj
