Microsoft (R) Windows (R) Resource Compiler, Version 5.00.1823.1 - Build 1823
Copyright (C) Microsoft Corp. 1985-1998. All rights reserved.

Using codepage 1252 as default
Creating RACodeComplete.res
RC: RCPP -CP 1252 -f C:\Program Files (x86)\FbEditSVN\Code\CustomControl\RACodeComplete\RCa03948 -g C:\Program Files (x86)\FbEditSVN\Code\CustomControl\RACodeComplete\RDa03948 -DRC_INVOKED -D_WIN32 -pc\:/ -E -I. -I Src\ -I .

Src\RACodeComplete.rc.
Writing BITMAP:100,	lang:0x409,	size 344.
Writing BITMAP:110,	lang:0x409,	size 5160.
Writing VERSION:1,	lang:0x409,	size 580
 Assembling: Src\RACodeComplete.asm
Microsoft (R) Incremental Linker Version 5.12.8078
Copyright (C) Microsoft Corp 1992-1998. All rights reserved.


Start Pass1
Processed /DEFAULTLIB:user32.lib
Processed /DEFAULTLIB:kernel32.lib
Processed /DEFAULTLIB:gdi32.lib
Processed /DEFAULTLIB:comctl32.lib

Searching Libraries
    Searching C:\Program Files (x86)\Masm32\Lib\user32.lib:
      Found _wsprintfA
        Referenced in RACodeComplete.obj
        Loaded user32.lib(user32.dll)
      Found _BeginPaint@8
        Referenced in RACodeComplete.obj
        Loaded user32.lib(user32.dll)
      Found _DefWindowProcA@16
        Referenced in RACodeComplete.obj
        Loaded user32.lib(user32.dll)
      Found _DrawFocusRect@8
        Referenced in RACodeComplete.obj
        Loaded user32.lib(user32.dll)
      Found _DrawFrameControl@16
        Referenced in RACodeComplete.obj
        Loaded user32.lib(user32.dll)
      Found _DrawTextA@20
        Referenced in RACodeComplete.obj
        Loaded user32.lib(user32.dll)
      Found _EndPaint@8
        Referenced in RACodeComplete.obj
        Loaded user32.lib(user32.dll)
      Found _FillRect@12
        Referenced in RACodeComplete.obj
        Loaded user32.lib(user32.dll)
      Found _GetCapture@0
        Referenced in RACodeComplete.obj
        Loaded user32.lib(user32.dll)
      Found _GetClientRect@8
        Referenced in RACodeComplete.obj
        Loaded user32.lib(user32.dll)
      Found _GetDC@4
        Referenced in RACodeComplete.obj
        Loaded user32.lib(user32.dll)
      Found _GetFocus@0
        Referenced in RACodeComplete.obj
        Loaded user32.lib(user32.dll)
      Found _GetScrollInfo@12
        Referenced in RACodeComplete.obj
        Loaded user32.lib(user32.dll)
      Found _GetSysColor@4
        Referenced in RACodeComplete.obj
        Loaded user32.lib(user32.dll)
      Found _GetSystemMetrics@4
        Referenced in RACodeComplete.obj
        Loaded user32.lib(user32.dll)
      Found _GetWindowLongA@8
        Referenced in RACodeComplete.obj
        Loaded user32.lib(user32.dll)
      Found _InvalidateRect@12
        Referenced in RACodeComplete.obj
        Loaded user32.lib(user32.dll)
      Found _LoadBitmapA@8
        Referenced in RACodeComplete.obj
        Loaded user32.lib(user32.dll)
      Found _LoadCursorA@8
        Referenced in RACodeComplete.obj
        Loaded user32.lib(user32.dll)
      Found _PostMessageA@16
        Referenced in RACodeComplete.obj
        Loaded user32.lib(user32.dll)
      Found _RegisterClassExA@4
        Referenced in RACodeComplete.obj
        Loaded user32.lib(user32.dll)
      Found _ReleaseCapture@0
        Referenced in RACodeComplete.obj
        Loaded user32.lib(user32.dll)
      Found _ReleaseDC@8
        Referenced in RACodeComplete.obj
        Loaded user32.lib(user32.dll)
      Found _SendMessageA@16
        Referenced in RACodeComplete.obj
        Loaded user32.lib(user32.dll)
      Found _SetCapture@4
        Referenced in RACodeComplete.obj
        Loaded user32.lib(user32.dll)
      Found _SetFocus@4
        Referenced in RACodeComplete.obj
        Loaded user32.lib(user32.dll)
      Found _SetScrollInfo@16
        Referenced in RACodeComplete.obj
        Loaded user32.lib(user32.dll)
      Found _SetWindowLongA@12
        Referenced in RACodeComplete.obj
        Loaded user32.lib(user32.dll)
      Found _SetWindowPos@28
        Referenced in RACodeComplete.obj
        Loaded user32.lib(user32.dll)
      Found __IMPORT_DESCRIPTOR_user32
        Referenced in user32.lib(user32.dll)
        Referenced in user32.lib(user32.dll)
        Referenced in user32.lib(user32.dll)
        Referenced in user32.lib(user32.dll)
        Referenced in user32.lib(user32.dll)
        Referenced in user32.lib(user32.dll)
        Referenced in user32.lib(user32.dll)
        Referenced in user32.lib(user32.dll)
        Referenced in user32.lib(user32.dll)
        Referenced in user32.lib(user32.dll)
        Referenced in user32.lib(user32.dll)
        Referenced in user32.lib(user32.dll)
        Referenced in user32.lib(user32.dll)
        Referenced in user32.lib(user32.dll)
        Referenced in user32.lib(user32.dll)
        Referenced in user32.lib(user32.dll)
        Referenced in user32.lib(user32.dll)
        Referenced in user32.lib(user32.dll)
        Referenced in user32.lib(user32.dll)
        Referenced in user32.lib(user32.dll)
        Referenced in user32.lib(user32.dll)
        Referenced in user32.lib(user32.dll)
        Referenced in user32.lib(user32.dll)
        Referenced in user32.lib(user32.dll)
        Referenced in user32.lib(user32.dll)
        Referenced in user32.lib(user32.dll)
        Referenced in user32.lib(user32.dll)
        Referenced in user32.lib(user32.dll)
        Referenced in user32.lib(user32.dll)
        Loaded user32.lib(user32.dll)
      Found __NULL_IMPORT_DESCRIPTOR
        Referenced in user32.lib(user32.dll)
        Loaded user32.lib(user32.dll)
      Found user32_NULL_THUNK_DATA
        Referenced in user32.lib(user32.dll)
        Loaded user32.lib(user32.dll)
    Searching C:\Program Files (x86)\Masm32\Lib\kernel32.lib:
      Found _GetProcessHeap@0
        Referenced in RACodeComplete.obj
        Loaded kernel32.lib(kernel32.dll)
      Found _GetTickCount@0
        Referenced in RACodeComplete.obj
        Loaded kernel32.lib(kernel32.dll)
      Found _GlobalAlloc@8
        Referenced in RACodeComplete.obj
        Loaded kernel32.lib(kernel32.dll)
      Found _GlobalFree@4
        Referenced in RACodeComplete.obj
        Loaded kernel32.lib(kernel32.dll)
      Found _GlobalLock@4
        Referenced in RACodeComplete.obj
        Loaded kernel32.lib(kernel32.dll)
      Found _GlobalReAlloc@12
        Referenced in RACodeComplete.obj
        Loaded kernel32.lib(kernel32.dll)
      Found _GlobalUnlock@4
        Referenced in RACodeComplete.obj
        Loaded kernel32.lib(kernel32.dll)
      Found _HeapAlloc@12
        Referenced in RACodeComplete.obj
        Loaded kernel32.lib(kernel32.dll)
      Found _HeapFree@12
        Referenced in RACodeComplete.obj
        Loaded kernel32.lib(kernel32.dll)
      Found _lstrcmpiA@8
        Referenced in RACodeComplete.obj
        Loaded kernel32.lib(kernel32.dll)
      Found __IMPORT_DESCRIPTOR_kernel32
        Referenced in kernel32.lib(kernel32.dll)
        Referenced in kernel32.lib(kernel32.dll)
        Referenced in kernel32.lib(kernel32.dll)
        Referenced in kernel32.lib(kernel32.dll)
        Referenced in kernel32.lib(kernel32.dll)
        Referenced in kernel32.lib(kernel32.dll)
        Referenced in kernel32.lib(kernel32.dll)
        Referenced in kernel32.lib(kernel32.dll)
        Referenced in kernel32.lib(kernel32.dll)
        Referenced in kernel32.lib(kernel32.dll)
        Loaded kernel32.lib(kernel32.dll)
      Found kernel32_NULL_THUNK_DATA
        Referenced in kernel32.lib(kernel32.dll)
        Loaded kernel32.lib(kernel32.dll)
    Searching C:\Program Files (x86)\Masm32\Lib\gdi32.lib:
      Found _CreateSolidBrush@4
        Referenced in RACodeComplete.obj
        Loaded gdi32.lib(gdi32.dll)
      Found _DeleteObject@4
        Referenced in RACodeComplete.obj
        Loaded gdi32.lib(gdi32.dll)
      Found _GetTextExtentPoint32A@16
        Referenced in RACodeComplete.obj
        Loaded gdi32.lib(gdi32.dll)
      Found _SelectObject@8
        Referenced in RACodeComplete.obj
        Loaded gdi32.lib(gdi32.dll)
      Found _SetBkMode@8
        Referenced in RACodeComplete.obj
        Loaded gdi32.lib(gdi32.dll)
      Found _SetTextColor@8
        Referenced in RACodeComplete.obj
        Loaded gdi32.lib(gdi32.dll)
      Found _TextOutA@20
        Referenced in RACodeComplete.obj
        Loaded gdi32.lib(gdi32.dll)
      Found __IMPORT_DESCRIPTOR_gdi32
        Referenced in gdi32.lib(gdi32.dll)
        Referenced in gdi32.lib(gdi32.dll)
        Referenced in gdi32.lib(gdi32.dll)
        Referenced in gdi32.lib(gdi32.dll)
        Referenced in gdi32.lib(gdi32.dll)
        Referenced in gdi32.lib(gdi32.dll)
        Referenced in gdi32.lib(gdi32.dll)
        Loaded gdi32.lib(gdi32.dll)
      Found gdi32_NULL_THUNK_DATA
        Referenced in gdi32.lib(gdi32.dll)
        Loaded gdi32.lib(gdi32.dll)
    Searching C:\Program Files (x86)\Masm32\Lib\comctl32.lib:
      Found _ImageList_AddMasked@12
        Referenced in RACodeComplete.obj
        Loaded comctl32.lib(comctl32.dll)
      Found _ImageList_Create@20
        Referenced in RACodeComplete.obj
        Loaded comctl32.lib(comctl32.dll)
      Found _ImageList_Destroy@4
        Referenced in RACodeComplete.obj
        Loaded comctl32.lib(comctl32.dll)
      Found _ImageList_Draw@24
        Referenced in RACodeComplete.obj
        Loaded comctl32.lib(comctl32.dll)
      Found __IMPORT_DESCRIPTOR_comctl32
        Referenced in comctl32.lib(comctl32.dll)
        Referenced in comctl32.lib(comctl32.dll)
        Referenced in comctl32.lib(comctl32.dll)
        Referenced in comctl32.lib(comctl32.dll)
        Loaded comctl32.lib(comctl32.dll)
      Found comctl32_NULL_THUNK_DATA
        Referenced in comctl32.lib(comctl32.dll)
        Loaded comctl32.lib(comctl32.dll)

Done Searching Libraries

Start Generating .exp file
Microsoft (R) Library Manager Version 5.12.8078
Copyright (C) Microsoft Corp 1992-1998. All rights reserved.

"/def:Src\RACodeComplete.def" 
"/name:RACodeComplete.dll" 
"/out:Build\RACodeComplete.lib" 
"/libpath:C:\Program Files (x86)\Masm32\Lib" 
/include:_DllEntry@12 
/SUBSYSTEM:CONSOLE 
"RACodeComplete.obj" 
"RACodeComplete.res" 
/machine:IX86 
/verbose 

Start Pass1
Processed /DEFAULTLIB:user32.lib
Processed /DEFAULTLIB:kernel32.lib
Processed /DEFAULTLIB:gdi32.lib
Processed /DEFAULTLIB:comctl32.lib

Searching Libraries
    Searching C:\Program Files (x86)\Masm32\Lib\user32.lib:
      Found _wsprintfA
        Referenced in RACodeComplete.obj
        Loaded user32.lib(user32.dll)
      Found _BeginPaint@8
        Referenced in RACodeComplete.obj
        Loaded user32.lib(user32.dll)
      Found _DefWindowProcA@16
        Referenced in RACodeComplete.obj
        Loaded user32.lib(user32.dll)
      Found _DrawFocusRect@8
        Referenced in RACodeComplete.obj
        Loaded user32.lib(user32.dll)
      Found _DrawFrameControl@16
        Referenced in RACodeComplete.obj
        Loaded user32.lib(user32.dll)
      Found _DrawTextA@20
        Referenced in RACodeComplete.obj
        Loaded user32.lib(user32.dll)
      Found _EndPaint@8
        Referenced in RACodeComplete.obj
        Loaded user32.lib(user32.dll)
      Found _FillRect@12
        Referenced in RACodeComplete.obj
        Loaded user32.lib(user32.dll)
      Found _GetCapture@0
        Referenced in RACodeComplete.obj
        Loaded user32.lib(user32.dll)
      Found _GetClientRect@8
        Referenced in RACodeComplete.obj
        Loaded user32.lib(user32.dll)
      Found _GetDC@4
        Referenced in RACodeComplete.obj
        Loaded user32.lib(user32.dll)
      Found _GetFocus@0
        Referenced in RACodeComplete.obj
        Loaded user32.lib(user32.dll)
      Found _GetScrollInfo@12
        Referenced in RACodeComplete.obj
        Loaded user32.lib(user32.dll)
      Found _GetSysColor@4
        Referenced in RACodeComplete.obj
        Loaded user32.lib(user32.dll)
      Found _GetSystemMetrics@4
        Referenced in RACodeComplete.obj
        Loaded user32.lib(user32.dll)
      Found _GetWindowLongA@8
        Referenced in RACodeComplete.obj
        Loaded user32.lib(user32.dll)
      Found _InvalidateRect@12
        Referenced in RACodeComplete.obj
        Loaded user32.lib(user32.dll)
      Found _LoadBitmapA@8
        Referenced in RACodeComplete.obj
        Loaded user32.lib(user32.dll)
      Found _LoadCursorA@8
        Referenced in RACodeComplete.obj
        Loaded user32.lib(user32.dll)
      Found _PostMessageA@16
        Referenced in RACodeComplete.obj
        Loaded user32.lib(user32.dll)
      Found _RegisterClassExA@4
        Referenced in RACodeComplete.obj
        Loaded user32.lib(user32.dll)
      Found _ReleaseCapture@0
        Referenced in RACodeComplete.obj
        Loaded user32.lib(user32.dll)
      Found _ReleaseDC@8
        Referenced in RACodeComplete.obj
        Loaded user32.lib(user32.dll)
      Found _SendMessageA@16
        Referenced in RACodeComplete.obj
        Loaded user32.lib(user32.dll)
      Found _SetCapture@4
        Referenced in RACodeComplete.obj
        Loaded user32.lib(user32.dll)
      Found _SetFocus@4
        Referenced in RACodeComplete.obj
        Loaded user32.lib(user32.dll)
      Found _SetScrollInfo@16
        Referenced in RACodeComplete.obj
        Loaded user32.lib(user32.dll)
      Found _SetWindowLongA@12
        Referenced in RACodeComplete.obj
        Loaded user32.lib(user32.dll)
      Found _SetWindowPos@28
        Referenced in RACodeComplete.obj
        Loaded user32.lib(user32.dll)
      Found __IMPORT_DESCRIPTOR_user32
        Referenced in user32.lib(user32.dll)
        Referenced in user32.lib(user32.dll)
        Referenced in user32.lib(user32.dll)
        Referenced in user32.lib(user32.dll)
        Referenced in user32.lib(user32.dll)
        Referenced in user32.lib(user32.dll)
        Referenced in user32.lib(user32.dll)
        Referenced in user32.lib(user32.dll)
        Referenced in user32.lib(user32.dll)
        Referenced in user32.lib(user32.dll)
        Referenced in user32.lib(user32.dll)
        Referenced in user32.lib(user32.dll)
        Referenced in user32.lib(user32.dll)
        Referenced in user32.lib(user32.dll)
        Referenced in user32.lib(user32.dll)
        Referenced in user32.lib(user32.dll)
        Referenced in user32.lib(user32.dll)
        Referenced in user32.lib(user32.dll)
        Referenced in user32.lib(user32.dll)
        Referenced in user32.lib(user32.dll)
        Referenced in user32.lib(user32.dll)
        Referenced in user32.lib(user32.dll)
        Referenced in user32.lib(user32.dll)
        Referenced in user32.lib(user32.dll)
        Referenced in user32.lib(user32.dll)
        Referenced in user32.lib(user32.dll)
        Referenced in user32.lib(user32.dll)
        Referenced in user32.lib(user32.dll)
        Referenced in user32.lib(user32.dll)
        Loaded user32.lib(user32.dll)
      Found __NULL_IMPORT_DESCRIPTOR
        Referenced in user32.lib(user32.dll)
        Loaded user32.lib(user32.dll)
      Found user32_NULL_THUNK_DATA
        Referenced in user32.lib(user32.dll)
        Loaded user32.lib(user32.dll)
    Searching C:\Program Files (x86)\Masm32\Lib\kernel32.lib:
      Found _GetProcessHeap@0
        Referenced in RACodeComplete.obj
        Loaded kernel32.lib(kernel32.dll)
      Found _GetTickCount@0
        Referenced in RACodeComplete.obj
        Loaded kernel32.lib(kernel32.dll)
      Found _GlobalAlloc@8
        Referenced in RACodeComplete.obj
        Loaded kernel32.lib(kernel32.dll)
      Found _GlobalFree@4
        Referenced in RACodeComplete.obj
        Loaded kernel32.lib(kernel32.dll)
      Found _GlobalLock@4
        Referenced in RACodeComplete.obj
        Loaded kernel32.lib(kernel32.dll)
      Found _GlobalReAlloc@12
        Referenced in RACodeComplete.obj
        Loaded kernel32.lib(kernel32.dll)
      Found _GlobalUnlock@4
        Referenced in RACodeComplete.obj
        Loaded kernel32.lib(kernel32.dll)
      Found _HeapAlloc@12
        Referenced in RACodeComplete.obj
        Loaded kernel32.lib(kernel32.dll)
      Found _HeapFree@12
        Referenced in RACodeComplete.obj
        Loaded kernel32.lib(kernel32.dll)
      Found _lstrcmpiA@8
        Referenced in RACodeComplete.obj
        Loaded kernel32.lib(kernel32.dll)
      Found __IMPORT_DESCRIPTOR_kernel32
        Referenced in kernel32.lib(kernel32.dll)
        Referenced in kernel32.lib(kernel32.dll)
        Referenced in kernel32.lib(kernel32.dll)
        Referenced in kernel32.lib(kernel32.dll)
        Referenced in kernel32.lib(kernel32.dll)
        Referenced in kernel32.lib(kernel32.dll)
        Referenced in kernel32.lib(kernel32.dll)
        Referenced in kernel32.lib(kernel32.dll)
        Referenced in kernel32.lib(kernel32.dll)
        Referenced in kernel32.lib(kernel32.dll)
        Loaded kernel32.lib(kernel32.dll)
      Found kernel32_NULL_THUNK_DATA
        Referenced in kernel32.lib(kernel32.dll)
        Loaded kernel32.lib(kernel32.dll)
    Searching C:\Program Files (x86)\Masm32\Lib\gdi32.lib:
      Found _CreateSolidBrush@4
        Referenced in RACodeComplete.obj
        Loaded gdi32.lib(gdi32.dll)
      Found _DeleteObject@4
        Referenced in RACodeComplete.obj
        Loaded gdi32.lib(gdi32.dll)
      Found _GetTextExtentPoint32A@16
        Referenced in RACodeComplete.obj
        Loaded gdi32.lib(gdi32.dll)
      Found _SelectObject@8
        Referenced in RACodeComplete.obj
        Loaded gdi32.lib(gdi32.dll)
      Found _SetBkMode@8
        Referenced in RACodeComplete.obj
        Loaded gdi32.lib(gdi32.dll)
      Found _SetTextColor@8
        Referenced in RACodeComplete.obj
        Loaded gdi32.lib(gdi32.dll)
      Found _TextOutA@20
        Referenced in RACodeComplete.obj
        Loaded gdi32.lib(gdi32.dll)
      Found __IMPORT_DESCRIPTOR_gdi32
        Referenced in gdi32.lib(gdi32.dll)
        Referenced in gdi32.lib(gdi32.dll)
        Referenced in gdi32.lib(gdi32.dll)
        Referenced in gdi32.lib(gdi32.dll)
        Referenced in gdi32.lib(gdi32.dll)
        Referenced in gdi32.lib(gdi32.dll)
        Referenced in gdi32.lib(gdi32.dll)
        Loaded gdi32.lib(gdi32.dll)
      Found gdi32_NULL_THUNK_DATA
        Referenced in gdi32.lib(gdi32.dll)
        Loaded gdi32.lib(gdi32.dll)
    Searching C:\Program Files (x86)\Masm32\Lib\comctl32.lib:
      Found _ImageList_AddMasked@12
        Referenced in RACodeComplete.obj
        Loaded comctl32.lib(comctl32.dll)
      Found _ImageList_Create@20
        Referenced in RACodeComplete.obj
        Loaded comctl32.lib(comctl32.dll)
      Found _ImageList_Destroy@4
        Referenced in RACodeComplete.obj
        Loaded comctl32.lib(comctl32.dll)
      Found _ImageList_Draw@24
        Referenced in RACodeComplete.obj
        Loaded comctl32.lib(comctl32.dll)
      Found __IMPORT_DESCRIPTOR_comctl32
        Referenced in comctl32.lib(comctl32.dll)
        Referenced in comctl32.lib(comctl32.dll)
        Referenced in comctl32.lib(comctl32.dll)
        Referenced in comctl32.lib(comctl32.dll)
        Loaded comctl32.lib(comctl32.dll)
      Found comctl32_NULL_THUNK_DATA
        Referenced in comctl32.lib(comctl32.dll)
        Loaded comctl32.lib(comctl32.dll)

Done Searching Libraries

End Pass1

   Creating library Build\RACodeComplete.lib and object Build\RACodeComplete.exp

End Generating .exp file

Searching Libraries
    Searching C:\Program Files (x86)\Masm32\Lib\user32.lib:

Done Searching Libraries

End Pass1

Start Pass2
     RACodeComplete.exp
     RACodeComplete.res
     RACodeComplete.obj
     user32.lib(user32.dll)
     user32.lib(user32.dll)
     user32.lib(user32.dll)
     user32.lib(user32.dll)
     user32.lib(user32.dll)
     user32.lib(user32.dll)
     user32.lib(user32.dll)
     user32.lib(user32.dll)
     user32.lib(user32.dll)
     user32.lib(user32.dll)
     user32.lib(user32.dll)
     user32.lib(user32.dll)
     user32.lib(user32.dll)
     user32.lib(user32.dll)
     user32.lib(user32.dll)
     user32.lib(user32.dll)
     user32.lib(user32.dll)
     user32.lib(user32.dll)
     user32.lib(user32.dll)
     user32.lib(user32.dll)
     user32.lib(user32.dll)
     user32.lib(user32.dll)
     user32.lib(user32.dll)
     user32.lib(user32.dll)
     user32.lib(user32.dll)
     user32.lib(user32.dll)
     user32.lib(user32.dll)
     user32.lib(user32.dll)
     user32.lib(user32.dll)
     user32.lib(user32.dll)
     user32.lib(user32.dll)
     user32.lib(user32.dll)
     kernel32.lib(kernel32.dll)
     kernel32.lib(kernel32.dll)
     kernel32.lib(kernel32.dll)
     kernel32.lib(kernel32.dll)
     kernel32.lib(kernel32.dll)
     kernel32.lib(kernel32.dll)
     kernel32.lib(kernel32.dll)
     kernel32.lib(kernel32.dll)
     kernel32.lib(kernel32.dll)
     kernel32.lib(kernel32.dll)
     kernel32.lib(kernel32.dll)
     kernel32.lib(kernel32.dll)
     gdi32.lib(gdi32.dll)
     gdi32.lib(gdi32.dll)
     gdi32.lib(gdi32.dll)
     gdi32.lib(gdi32.dll)
     gdi32.lib(gdi32.dll)
     gdi32.lib(gdi32.dll)
     gdi32.lib(gdi32.dll)
     gdi32.lib(gdi32.dll)
     gdi32.lib(gdi32.dll)
     comctl32.lib(comctl32.dll)
     comctl32.lib(comctl32.dll)
     comctl32.lib(comctl32.dll)
     comctl32.lib(comctl32.dll)
     comctl32.lib(comctl32.dll)
     comctl32.lib(comctl32.dll)
End Pass2
 Assembling: Src\RACodeComplete.asm
RACodeComplete.obj
