Microsoft (R) Windows (R) Resource Compiler, Version 5.00.1823.1 - Build 1823
Copyright (C) Microsoft Corp. 1985-1998. All rights reserved.

Using codepage 1252 as default
Creating RAFile.res
RC: RCPP -CP 1252 -f C:\Program Files (x86)\FbEditSVN\Code\CustomControl\RAFile\RCa01804 -g C:\Program Files (x86)\FbEditSVN\Code\CustomControl\RAFile\RDa01804 -DRC_INVOKED -D_WIN32 -pc\:/ -E -I. -I Src\ -I .

Src\RAFile.rc.
Writing BITMAP:100,	lang:0x409,	size 344.
Writing BITMAP:300,	lang:0x409,	size 1384..
Writing VERSION:1,	lang:0x409,	size 548
Writing STRING:1,	lang:0x409,	size 78
 Assembling: Src\RAFile.asm
------------------------------------------
WARNING Duplicate include file windows.inc
------------------------------------------
-----------------------------------------
WARNING Duplicate include file kernel32.inc
-----------------------------------------
-----------------------------------------
WARNING Duplicate include file user32.inc
-----------------------------------------
Microsoft (R) Incremental Linker Version 5.12.8078
Copyright (C) Microsoft Corp 1992-1998. All rights reserved.


Start Pass1
Processed /DEFAULTLIB:comctl32.lib
Processed /DEFAULTLIB:user32.lib
Processed /DEFAULTLIB:kernel32.lib
Processed /DEFAULTLIB:gdi32.lib
Processed /DEFAULTLIB:masm32.lib

Searching Libraries
    Searching C:\Program Files (x86)\Masm32\Lib\comctl32.lib:
      Found _ImageList_AddMasked@12
        Referenced in RAFile.obj
        Loaded comctl32.lib(comctl32.dll)
      Found _ImageList_Create@20
        Referenced in RAFile.obj
        Loaded comctl32.lib(comctl32.dll)
      Found _ImageList_Destroy@4
        Referenced in RAFile.obj
        Loaded comctl32.lib(comctl32.dll)
      Found __IMPORT_DESCRIPTOR_comctl32
        Referenced in comctl32.lib(comctl32.dll)
        Referenced in comctl32.lib(comctl32.dll)
        Referenced in comctl32.lib(comctl32.dll)
        Loaded comctl32.lib(comctl32.dll)
      Found __NULL_IMPORT_DESCRIPTOR
        Referenced in comctl32.lib(comctl32.dll)
        Loaded comctl32.lib(comctl32.dll)
      Found comctl32_NULL_THUNK_DATA
        Referenced in comctl32.lib(comctl32.dll)
        Loaded comctl32.lib(comctl32.dll)
    Searching C:\Program Files (x86)\Masm32\Lib\user32.lib:
      Found _CallWindowProcA@20
        Referenced in RAFile.obj
        Loaded user32.lib(user32.dll)
      Found _CharUpperA@4
        Referenced in RAFile.obj
        Loaded user32.lib(user32.dll)
      Found _CreateWindowExA@48
        Referenced in RAFile.obj
        Loaded user32.lib(user32.dll)
      Found _DefWindowProcA@16
        Referenced in RAFile.obj
        Loaded user32.lib(user32.dll)
      Found _DestroyWindow@4
        Referenced in RAFile.obj
        Loaded user32.lib(user32.dll)
      Found _GetClientRect@8
        Referenced in RAFile.obj
        Loaded user32.lib(user32.dll)
      Found _GetParent@4
        Referenced in RAFile.obj
        Loaded user32.lib(user32.dll)
      Found _GetWindowLongA@8
        Referenced in RAFile.obj
        Loaded user32.lib(user32.dll)
      Found _KillTimer@8
        Referenced in RAFile.obj
        Loaded user32.lib(user32.dll)
      Found _LoadBitmapA@8
        Referenced in RAFile.obj
        Loaded user32.lib(user32.dll)
      Found _LoadCursorA@8
        Referenced in RAFile.obj
        Loaded user32.lib(user32.dll)
      Found _LoadStringA@16
        Referenced in RAFile.obj
        Loaded user32.lib(user32.dll)
      Found _MoveWindow@24
        Referenced in RAFile.obj
        Loaded user32.lib(user32.dll)
      Found _RegisterClassExA@4
        Referenced in RAFile.obj
        Loaded user32.lib(user32.dll)
      Found _SendMessageA@16
        Referenced in RAFile.obj
        Loaded user32.lib(user32.dll)
      Found _SetFocus@4
        Referenced in RAFile.obj
        Loaded user32.lib(user32.dll)
      Found _SetTimer@16
        Referenced in RAFile.obj
        Loaded user32.lib(user32.dll)
      Found _SetWindowLongA@12
        Referenced in RAFile.obj
        Loaded user32.lib(user32.dll)
      Found __IMPORT_DESCRIPTOR_user32
        Referenced in user32.lib(user32.dll)
        Referenced in user32.lib(user32.dll)
        Referenced in user32.lib(user32.dll)
        Referenced in user32.lib(user32.dll)
        Referenced in user32.lib(user32.dll)
        Referenced in user32.lib(user32.dll)
        Referenced in user32.lib(user32.dll)
        Referenced in user32.lib(user32.dll)
        Referenced in user32.lib(user32.dll)
        Referenced in user32.lib(user32.dll)
        Referenced in user32.lib(user32.dll)
        Referenced in user32.lib(user32.dll)
        Referenced in user32.lib(user32.dll)
        Referenced in user32.lib(user32.dll)
        Referenced in user32.lib(user32.dll)
        Referenced in user32.lib(user32.dll)
        Referenced in user32.lib(user32.dll)
        Referenced in user32.lib(user32.dll)
        Loaded user32.lib(user32.dll)
      Found user32_NULL_THUNK_DATA
        Referenced in user32.lib(user32.dll)
        Loaded user32.lib(user32.dll)
    Searching C:\Program Files (x86)\Masm32\Lib\kernel32.lib:
      Found _CloseHandle@4
        Referenced in RAFile.obj
        Loaded kernel32.lib(kernel32.dll)
      Found _CreateThread@24
        Referenced in RAFile.obj
        Loaded kernel32.lib(kernel32.dll)
      Found _ExitThread@4
        Referenced in RAFile.obj
        Loaded kernel32.lib(kernel32.dll)
      Found _FindClose@4
        Referenced in RAFile.obj
        Loaded kernel32.lib(kernel32.dll)
      Found _FindCloseChangeNotification@4
        Referenced in RAFile.obj
        Loaded kernel32.lib(kernel32.dll)
      Found _FindFirstChangeNotificationA@12
        Referenced in RAFile.obj
        Loaded kernel32.lib(kernel32.dll)
      Found _FindFirstFileA@8
        Referenced in RAFile.obj
        Loaded kernel32.lib(kernel32.dll)
      Found _FindNextChangeNotification@4
        Referenced in RAFile.obj
        Loaded kernel32.lib(kernel32.dll)
      Found _FindNextFileA@8
        Referenced in RAFile.obj
        Loaded kernel32.lib(kernel32.dll)
      Found _GetCurrentDirectoryA@8
        Referenced in RAFile.obj
        Loaded kernel32.lib(kernel32.dll)
      Found _GetLogicalDriveStringsA@8
        Referenced in RAFile.obj
        Loaded kernel32.lib(kernel32.dll)
      Found _GetProcessHeap@0
        Referenced in RAFile.obj
        Loaded kernel32.lib(kernel32.dll)
      Found _HeapAlloc@12
        Referenced in RAFile.obj
        Loaded kernel32.lib(kernel32.dll)
      Found _HeapFree@12
        Referenced in RAFile.obj
        Loaded kernel32.lib(kernel32.dll)
      Found _WaitForMultipleObjects@16
        Referenced in RAFile.obj
        Loaded kernel32.lib(kernel32.dll)
      Found _lstrcatA@8
        Referenced in RAFile.obj
        Loaded kernel32.lib(kernel32.dll)
      Found _lstrcmpiA@8
        Referenced in RAFile.obj
        Loaded kernel32.lib(kernel32.dll)
      Found _lstrcpyA@8
        Referenced in RAFile.obj
        Loaded kernel32.lib(kernel32.dll)
      Found _lstrcpynA@12
        Referenced in RAFile.obj
        Loaded kernel32.lib(kernel32.dll)
      Found _lstrlenA@4
        Referenced in RAFile.obj
        Loaded kernel32.lib(kernel32.dll)
      Found __IMPORT_DESCRIPTOR_kernel32
        Referenced in kernel32.lib(kernel32.dll)
        Referenced in kernel32.lib(kernel32.dll)
        Referenced in kernel32.lib(kernel32.dll)
        Referenced in kernel32.lib(kernel32.dll)
        Referenced in kernel32.lib(kernel32.dll)
        Referenced in kernel32.lib(kernel32.dll)
        Referenced in kernel32.lib(kernel32.dll)
        Referenced in kernel32.lib(kernel32.dll)
        Referenced in kernel32.lib(kernel32.dll)
        Referenced in kernel32.lib(kernel32.dll)
        Referenced in kernel32.lib(kernel32.dll)
        Referenced in kernel32.lib(kernel32.dll)
        Referenced in kernel32.lib(kernel32.dll)
        Referenced in kernel32.lib(kernel32.dll)
        Referenced in kernel32.lib(kernel32.dll)
        Referenced in kernel32.lib(kernel32.dll)
        Referenced in kernel32.lib(kernel32.dll)
        Referenced in kernel32.lib(kernel32.dll)
        Referenced in kernel32.lib(kernel32.dll)
        Referenced in kernel32.lib(kernel32.dll)
        Loaded kernel32.lib(kernel32.dll)
      Found kernel32_NULL_THUNK_DATA
        Referenced in kernel32.lib(kernel32.dll)
        Loaded kernel32.lib(kernel32.dll)
    Searching C:\Program Files (x86)\Masm32\Lib\gdi32.lib:
      Found _DeleteObject@4
        Referenced in RAFile.obj
        Loaded gdi32.lib(gdi32.dll)
      Found __IMPORT_DESCRIPTOR_gdi32
        Referenced in gdi32.lib(gdi32.dll)
        Loaded gdi32.lib(gdi32.dll)
      Found gdi32_NULL_THUNK_DATA
        Referenced in gdi32.lib(gdi32.dll)
        Loaded gdi32.lib(gdi32.dll)

Done Searching Libraries

Start Generating .exp file
Microsoft (R) Library Manager Version 5.12.8078
Copyright (C) Microsoft Corp 1992-1998. All rights reserved.

"/def:Src\RAFile.def" 
"/name:RAFile.dll" 
"/out:Build\RAFile.lib" 
"/libpath:C:\Program Files (x86)\Masm32\Lib" 
/include:_DllEntry@12 
/SUBSYSTEM:CONSOLE 
"RAFile.obj" 
"RAFile.res" 
/machine:IX86 
/verbose 

Start Pass1
Processed /DEFAULTLIB:comctl32.lib
Processed /DEFAULTLIB:user32.lib
Processed /DEFAULTLIB:kernel32.lib
Processed /DEFAULTLIB:gdi32.lib
Processed /DEFAULTLIB:masm32.lib

Searching Libraries
    Searching C:\Program Files (x86)\Masm32\Lib\comctl32.lib:
      Found _ImageList_AddMasked@12
        Referenced in RAFile.obj
        Loaded comctl32.lib(comctl32.dll)
      Found _ImageList_Create@20
        Referenced in RAFile.obj
        Loaded comctl32.lib(comctl32.dll)
      Found _ImageList_Destroy@4
        Referenced in RAFile.obj
        Loaded comctl32.lib(comctl32.dll)
      Found __IMPORT_DESCRIPTOR_comctl32
        Referenced in comctl32.lib(comctl32.dll)
        Referenced in comctl32.lib(comctl32.dll)
        Referenced in comctl32.lib(comctl32.dll)
        Loaded comctl32.lib(comctl32.dll)
      Found __NULL_IMPORT_DESCRIPTOR
        Referenced in comctl32.lib(comctl32.dll)
        Loaded comctl32.lib(comctl32.dll)
      Found comctl32_NULL_THUNK_DATA
        Referenced in comctl32.lib(comctl32.dll)
        Loaded comctl32.lib(comctl32.dll)
    Searching C:\Program Files (x86)\Masm32\Lib\user32.lib:
      Found _CallWindowProcA@20
        Referenced in RAFile.obj
        Loaded user32.lib(user32.dll)
      Found _CharUpperA@4
        Referenced in RAFile.obj
        Loaded user32.lib(user32.dll)
      Found _CreateWindowExA@48
        Referenced in RAFile.obj
        Loaded user32.lib(user32.dll)
      Found _DefWindowProcA@16
        Referenced in RAFile.obj
        Loaded user32.lib(user32.dll)
      Found _DestroyWindow@4
        Referenced in RAFile.obj
        Loaded user32.lib(user32.dll)
      Found _GetClientRect@8
        Referenced in RAFile.obj
        Loaded user32.lib(user32.dll)
      Found _GetParent@4
        Referenced in RAFile.obj
        Loaded user32.lib(user32.dll)
      Found _GetWindowLongA@8
        Referenced in RAFile.obj
        Loaded user32.lib(user32.dll)
      Found _KillTimer@8
        Referenced in RAFile.obj
        Loaded user32.lib(user32.dll)
      Found _LoadBitmapA@8
        Referenced in RAFile.obj
        Loaded user32.lib(user32.dll)
      Found _LoadCursorA@8
        Referenced in RAFile.obj
        Loaded user32.lib(user32.dll)
      Found _LoadStringA@16
        Referenced in RAFile.obj
        Loaded user32.lib(user32.dll)
      Found _MoveWindow@24
        Referenced in RAFile.obj
        Loaded user32.lib(user32.dll)
      Found _RegisterClassExA@4
        Referenced in RAFile.obj
        Loaded user32.lib(user32.dll)
      Found _SendMessageA@16
        Referenced in RAFile.obj
        Loaded user32.lib(user32.dll)
      Found _SetFocus@4
        Referenced in RAFile.obj
        Loaded user32.lib(user32.dll)
      Found _SetTimer@16
        Referenced in RAFile.obj
        Loaded user32.lib(user32.dll)
      Found _SetWindowLongA@12
        Referenced in RAFile.obj
        Loaded user32.lib(user32.dll)
      Found __IMPORT_DESCRIPTOR_user32
        Referenced in user32.lib(user32.dll)
        Referenced in user32.lib(user32.dll)
        Referenced in user32.lib(user32.dll)
        Referenced in user32.lib(user32.dll)
        Referenced in user32.lib(user32.dll)
        Referenced in user32.lib(user32.dll)
        Referenced in user32.lib(user32.dll)
        Referenced in user32.lib(user32.dll)
        Referenced in user32.lib(user32.dll)
        Referenced in user32.lib(user32.dll)
        Referenced in user32.lib(user32.dll)
        Referenced in user32.lib(user32.dll)
        Referenced in user32.lib(user32.dll)
        Referenced in user32.lib(user32.dll)
        Referenced in user32.lib(user32.dll)
        Referenced in user32.lib(user32.dll)
        Referenced in user32.lib(user32.dll)
        Referenced in user32.lib(user32.dll)
        Loaded user32.lib(user32.dll)
      Found user32_NULL_THUNK_DATA
        Referenced in user32.lib(user32.dll)
        Loaded user32.lib(user32.dll)
    Searching C:\Program Files (x86)\Masm32\Lib\kernel32.lib:
      Found _CloseHandle@4
        Referenced in RAFile.obj
        Loaded kernel32.lib(kernel32.dll)
      Found _CreateThread@24
        Referenced in RAFile.obj
        Loaded kernel32.lib(kernel32.dll)
      Found _ExitThread@4
        Referenced in RAFile.obj
        Loaded kernel32.lib(kernel32.dll)
      Found _FindClose@4
        Referenced in RAFile.obj
        Loaded kernel32.lib(kernel32.dll)
      Found _FindCloseChangeNotification@4
        Referenced in RAFile.obj
        Loaded kernel32.lib(kernel32.dll)
      Found _FindFirstChangeNotificationA@12
        Referenced in RAFile.obj
        Loaded kernel32.lib(kernel32.dll)
      Found _FindFirstFileA@8
        Referenced in RAFile.obj
        Loaded kernel32.lib(kernel32.dll)
      Found _FindNextChangeNotification@4
        Referenced in RAFile.obj
        Loaded kernel32.lib(kernel32.dll)
      Found _FindNextFileA@8
        Referenced in RAFile.obj
        Loaded kernel32.lib(kernel32.dll)
      Found _GetCurrentDirectoryA@8
        Referenced in RAFile.obj
        Loaded kernel32.lib(kernel32.dll)
      Found _GetLogicalDriveStringsA@8
        Referenced in RAFile.obj
        Loaded kernel32.lib(kernel32.dll)
      Found _GetProcessHeap@0
        Referenced in RAFile.obj
        Loaded kernel32.lib(kernel32.dll)
      Found _HeapAlloc@12
        Referenced in RAFile.obj
        Loaded kernel32.lib(kernel32.dll)
      Found _HeapFree@12
        Referenced in RAFile.obj
        Loaded kernel32.lib(kernel32.dll)
      Found _WaitForMultipleObjects@16
        Referenced in RAFile.obj
        Loaded kernel32.lib(kernel32.dll)
      Found _lstrcatA@8
        Referenced in RAFile.obj
        Loaded kernel32.lib(kernel32.dll)
      Found _lstrcmpiA@8
        Referenced in RAFile.obj
        Loaded kernel32.lib(kernel32.dll)
      Found _lstrcpyA@8
        Referenced in RAFile.obj
        Loaded kernel32.lib(kernel32.dll)
      Found _lstrcpynA@12
        Referenced in RAFile.obj
        Loaded kernel32.lib(kernel32.dll)
      Found _lstrlenA@4
        Referenced in RAFile.obj
        Loaded kernel32.lib(kernel32.dll)
      Found __IMPORT_DESCRIPTOR_kernel32
        Referenced in kernel32.lib(kernel32.dll)
        Referenced in kernel32.lib(kernel32.dll)
        Referenced in kernel32.lib(kernel32.dll)
        Referenced in kernel32.lib(kernel32.dll)
        Referenced in kernel32.lib(kernel32.dll)
        Referenced in kernel32.lib(kernel32.dll)
        Referenced in kernel32.lib(kernel32.dll)
        Referenced in kernel32.lib(kernel32.dll)
        Referenced in kernel32.lib(kernel32.dll)
        Referenced in kernel32.lib(kernel32.dll)
        Referenced in kernel32.lib(kernel32.dll)
        Referenced in kernel32.lib(kernel32.dll)
        Referenced in kernel32.lib(kernel32.dll)
        Referenced in kernel32.lib(kernel32.dll)
        Referenced in kernel32.lib(kernel32.dll)
        Referenced in kernel32.lib(kernel32.dll)
        Referenced in kernel32.lib(kernel32.dll)
        Referenced in kernel32.lib(kernel32.dll)
        Referenced in kernel32.lib(kernel32.dll)
        Referenced in kernel32.lib(kernel32.dll)
        Loaded kernel32.lib(kernel32.dll)
      Found kernel32_NULL_THUNK_DATA
        Referenced in kernel32.lib(kernel32.dll)
        Loaded kernel32.lib(kernel32.dll)
    Searching C:\Program Files (x86)\Masm32\Lib\gdi32.lib:
      Found _DeleteObject@4
        Referenced in RAFile.obj
        Loaded gdi32.lib(gdi32.dll)
      Found __IMPORT_DESCRIPTOR_gdi32
        Referenced in gdi32.lib(gdi32.dll)
        Loaded gdi32.lib(gdi32.dll)
      Found gdi32_NULL_THUNK_DATA
        Referenced in gdi32.lib(gdi32.dll)
        Loaded gdi32.lib(gdi32.dll)

Done Searching Libraries

End Pass1

   Creating library Build\RAFile.lib and object Build\RAFile.exp

End Generating .exp file

Searching Libraries
    Searching C:\Program Files (x86)\Masm32\Lib\comctl32.lib:

Done Searching Libraries

End Pass1

Start Pass2
     RAFile.exp
     RAFile.res
     RAFile.obj
     comctl32.lib(comctl32.dll)
     comctl32.lib(comctl32.dll)
     comctl32.lib(comctl32.dll)
     comctl32.lib(comctl32.dll)
     comctl32.lib(comctl32.dll)
     comctl32.lib(comctl32.dll)
     user32.lib(user32.dll)
     user32.lib(user32.dll)
     user32.lib(user32.dll)
     user32.lib(user32.dll)
     user32.lib(user32.dll)
     user32.lib(user32.dll)
     user32.lib(user32.dll)
     user32.lib(user32.dll)
     user32.lib(user32.dll)
     user32.lib(user32.dll)
     user32.lib(user32.dll)
     user32.lib(user32.dll)
     user32.lib(user32.dll)
     user32.lib(user32.dll)
     user32.lib(user32.dll)
     user32.lib(user32.dll)
     user32.lib(user32.dll)
     user32.lib(user32.dll)
     user32.lib(user32.dll)
     user32.lib(user32.dll)
     kernel32.lib(kernel32.dll)
     kernel32.lib(kernel32.dll)
     kernel32.lib(kernel32.dll)
     kernel32.lib(kernel32.dll)
     kernel32.lib(kernel32.dll)
     kernel32.lib(kernel32.dll)
     kernel32.lib(kernel32.dll)
     kernel32.lib(kernel32.dll)
     kernel32.lib(kernel32.dll)
     kernel32.lib(kernel32.dll)
     kernel32.lib(kernel32.dll)
     kernel32.lib(kernel32.dll)
     kernel32.lib(kernel32.dll)
     kernel32.lib(kernel32.dll)
     kernel32.lib(kernel32.dll)
     kernel32.lib(kernel32.dll)
     kernel32.lib(kernel32.dll)
     kernel32.lib(kernel32.dll)
     kernel32.lib(kernel32.dll)
     kernel32.lib(kernel32.dll)
     kernel32.lib(kernel32.dll)
     kernel32.lib(kernel32.dll)
     gdi32.lib(gdi32.dll)
     gdi32.lib(gdi32.dll)
     gdi32.lib(gdi32.dll)
End Pass2
 Assembling: Src\RAFile.asm
------------------------------------------
WARNING Duplicate include file windows.inc
------------------------------------------
-----------------------------------------
WARNING Duplicate include file kernel32.inc
-----------------------------------------
-----------------------------------------
WARNING Duplicate include file user32.inc
-----------------------------------------
RAFile.obj
