Microsoft (R) Windows (R) Resource Compiler, Version 5.00.1823.1 - Build 1823
Copyright (C) Microsoft Corp. 1985-1998. All rights reserved.

Using codepage 1252 as default
Creating RAEdit.res
RC: RCPP -CP 1252 -f C:\Program Files (x86)\FbEditSVN\Code\CustomControl\RAEdit\RCa02652 -g C:\Program Files (x86)\FbEditSVN\Code\CustomControl\RAEdit\RDa02652 -DRC_INVOKED -D_WIN32 -pc\:/ -E -I. -I Src\ -I .

Src\RAEdit.rc.
Writing VERSION:1,	lang:0x409,	size 600.
Writing BITMAP:100,	lang:0x409,	size 1464.
Writing CURSOR:1,	lang:0x409,	size 308
Writing GROUP_CURSOR:101,	lang:0x409,	size 20.
Writing BITMAP:102,	lang:0x409,	size 676.
Writing CURSOR:2,	lang:0x409,	size 308
Writing GROUP_CURSOR:103,	lang:0x409,	size 20.
Writing BITMAP:104,	lang:0x409,	size 192.
Writing BITMAP:105,	lang:0x409,	size 192.
Writing BITMAP:106,	lang:0x409,	size 192.
Writing BITMAP:107,	lang:0x409,	size 192
 Assembling: Src\RAEdit.asm
Microsoft (R) Incremental Linker Version 5.12.8078
Copyright (C) Microsoft Corp 1992-1998. All rights reserved.


Start Pass1
Processed /DEFAULTLIB:masm32.lib
Processed /DEFAULTLIB:comctl32.lib
Processed /DEFAULTLIB:user32.lib
Processed /DEFAULTLIB:kernel32.lib
Processed /DEFAULTLIB:gdi32.lib
Processed /DEFAULTLIB:ole32.lib
Processed /DEFAULTLIB:VKDebug.lib

Searching Libraries
    Searching C:\Program Files (x86)\Masm32\Lib\masm32.lib:
      Found _line@24
        Referenced in RAEdit.obj
        Loaded masm32.lib(line.obj)
    Searching C:\Program Files (x86)\Masm32\Lib\comctl32.lib:
      Found _ImageList_AddMasked@12
        Referenced in RAEdit.obj
        Loaded comctl32.lib(comctl32.dll)
      Found _ImageList_Create@20
        Referenced in RAEdit.obj
        Loaded comctl32.lib(comctl32.dll)
      Found _ImageList_Destroy@4
        Referenced in RAEdit.obj
        Loaded comctl32.lib(comctl32.dll)
      Found _ImageList_Draw@24
        Referenced in RAEdit.obj
        Loaded comctl32.lib(comctl32.dll)
      Found __IMPORT_DESCRIPTOR_comctl32
        Referenced in comctl32.lib(comctl32.dll)
        Referenced in comctl32.lib(comctl32.dll)
        Referenced in comctl32.lib(comctl32.dll)
        Referenced in comctl32.lib(comctl32.dll)
        Loaded comctl32.lib(comctl32.dll)
      Found __NULL_IMPORT_DESCRIPTOR
        Referenced in comctl32.lib(comctl32.dll)
        Loaded comctl32.lib(comctl32.dll)
      Found comctl32_NULL_THUNK_DATA
        Referenced in comctl32.lib(comctl32.dll)
        Loaded comctl32.lib(comctl32.dll)
    Searching C:\Program Files (x86)\Masm32\Lib\user32.lib:
      Found _BeginPaint@8
        Referenced in RAEdit.obj
        Loaded user32.lib(user32.dll)
      Found _CallWindowProcA@20
        Referenced in RAEdit.obj
        Loaded user32.lib(user32.dll)
      Found _CharLowerA@4
        Referenced in RAEdit.obj
        Loaded user32.lib(user32.dll)
      Found _CharUpperA@4
        Referenced in RAEdit.obj
        Loaded user32.lib(user32.dll)
      Found _CheckDlgButton@12
        Referenced in RAEdit.obj
        Loaded user32.lib(user32.dll)
      Found _ChildWindowFromPoint@12
        Referenced in RAEdit.obj
        Loaded user32.lib(user32.dll)
      Found _ClientToScreen@8
        Referenced in RAEdit.obj
        Loaded user32.lib(user32.dll)
      Found _CloseClipboard@0
        Referenced in RAEdit.obj
        Loaded user32.lib(user32.dll)
      Found _CopyRect@8
        Referenced in RAEdit.obj
        Loaded user32.lib(user32.dll)
      Found _CreateCaret@16
        Referenced in RAEdit.obj
        Loaded user32.lib(user32.dll)
      Found _CreateWindowExA@48
        Referenced in RAEdit.obj
        Loaded user32.lib(user32.dll)
      Found _DefWindowProcA@16
        Referenced in RAEdit.obj
        Loaded user32.lib(user32.dll)
      Found _DestroyCaret@0
        Referenced in RAEdit.obj
        Loaded user32.lib(user32.dll)
      Found _DestroyCursor@4
        Referenced in RAEdit.obj
        Loaded user32.lib(user32.dll)
      Found _DestroyWindow@4
        Referenced in RAEdit.obj
        Loaded user32.lib(user32.dll)
      Found _DrawTextA@20
        Referenced in RAEdit.obj
        Loaded user32.lib(user32.dll)
      Found _DrawTextExA@24
        Referenced in RAEdit.obj
        Loaded user32.lib(user32.dll)
      Found _EmptyClipboard@0
        Referenced in RAEdit.obj
        Loaded user32.lib(user32.dll)
      Found _EndPaint@8
        Referenced in RAEdit.obj
        Loaded user32.lib(user32.dll)
      Found _FillRect@12
        Referenced in RAEdit.obj
        Loaded user32.lib(user32.dll)
      Found _GetCaretPos@4
        Referenced in RAEdit.obj
        Loaded user32.lib(user32.dll)
      Found _GetClientRect@8
        Referenced in RAEdit.obj
        Loaded user32.lib(user32.dll)
      Found _GetClipboardData@4
        Referenced in RAEdit.obj
        Loaded user32.lib(user32.dll)
      Found _GetCursor@0
        Referenced in RAEdit.obj
        Loaded user32.lib(user32.dll)
      Found _GetCursorPos@4
        Referenced in RAEdit.obj
        Loaded user32.lib(user32.dll)
      Found _GetDC@4
        Referenced in RAEdit.obj
        Referenced in masm32.lib(line.obj)
        Loaded user32.lib(user32.dll)
      Found _GetFocus@0
        Referenced in RAEdit.obj
        Loaded user32.lib(user32.dll)
      Found _GetKeyState@4
        Referenced in RAEdit.obj
        Loaded user32.lib(user32.dll)
      Found _GetParent@4
        Referenced in RAEdit.obj
        Loaded user32.lib(user32.dll)
      Found _GetScrollInfo@12
        Referenced in RAEdit.obj
        Loaded user32.lib(user32.dll)
      Found _GetSysColor@4
        Referenced in RAEdit.obj
        Loaded user32.lib(user32.dll)
      Found _GetSystemMetrics@4
        Referenced in RAEdit.obj
        Loaded user32.lib(user32.dll)
      Found _GetUpdateRect@12
        Referenced in RAEdit.obj
        Loaded user32.lib(user32.dll)
      Found _GetWindowLongA@8
        Referenced in RAEdit.obj
        Loaded user32.lib(user32.dll)
      Found _GetWindowTextA@12
        Referenced in RAEdit.obj
        Loaded user32.lib(user32.dll)
      Found _HideCaret@4
        Referenced in RAEdit.obj
        Loaded user32.lib(user32.dll)
      Found _InvalidateRect@12
        Referenced in RAEdit.obj
        Loaded user32.lib(user32.dll)
      Found _IsCharAlphaA@4
        Referenced in RAEdit.obj
        Loaded user32.lib(user32.dll)
      Found _IsCharAlphaNumericA@4
        Referenced in RAEdit.obj
        Loaded user32.lib(user32.dll)
      Found _IsClipboardFormatAvailable@4
        Referenced in RAEdit.obj
        Loaded user32.lib(user32.dll)
      Found _IsDlgButtonChecked@8
        Referenced in RAEdit.obj
        Loaded user32.lib(user32.dll)
      Found _KillTimer@8
        Referenced in RAEdit.obj
        Loaded user32.lib(user32.dll)
      Found _LoadBitmapA@8
        Referenced in RAEdit.obj
        Loaded user32.lib(user32.dll)
      Found _LoadCursorA@8
        Referenced in RAEdit.obj
        Loaded user32.lib(user32.dll)
      Found _MessageBeep@4
        Referenced in RAEdit.obj
        Loaded user32.lib(user32.dll)
      Found _MessageBoxA@16
        Referenced in RAEdit.obj
        Loaded user32.lib(user32.dll)
      Found _MoveWindow@24
        Referenced in RAEdit.obj
        Loaded user32.lib(user32.dll)
      Found _OpenClipboard@4
        Referenced in RAEdit.obj
        Loaded user32.lib(user32.dll)
      Found _PostMessageA@16
        Referenced in RAEdit.obj
        Loaded user32.lib(user32.dll)
      Found _RegisterClassExA@4
        Referenced in RAEdit.obj
        Loaded user32.lib(user32.dll)
      Found _ReleaseCapture@0
        Referenced in RAEdit.obj
        Loaded user32.lib(user32.dll)
      Found _ReleaseDC@8
        Referenced in RAEdit.obj
        Loaded user32.lib(user32.dll)
      Found _ScreenToClient@8
        Referenced in RAEdit.obj
        Loaded user32.lib(user32.dll)
      Found _ScrollWindow@20
        Referenced in RAEdit.obj
        Loaded user32.lib(user32.dll)
      Found _SendMessageA@16
        Referenced in RAEdit.obj
        Loaded user32.lib(user32.dll)
      Found _SetCapture@4
        Referenced in RAEdit.obj
        Loaded user32.lib(user32.dll)
      Found _SetCaretPos@8
        Referenced in RAEdit.obj
        Loaded user32.lib(user32.dll)
      Found _SetClipboardData@8
        Referenced in RAEdit.obj
        Loaded user32.lib(user32.dll)
      Found _SetCursor@4
        Referenced in RAEdit.obj
        Loaded user32.lib(user32.dll)
      Found _SetFocus@4
        Referenced in RAEdit.obj
        Loaded user32.lib(user32.dll)
      Found _SetScrollInfo@16
        Referenced in RAEdit.obj
        Loaded user32.lib(user32.dll)
      Found _SetTimer@16
        Referenced in RAEdit.obj
        Loaded user32.lib(user32.dll)
      Found _SetWindowLongA@12
        Referenced in RAEdit.obj
        Loaded user32.lib(user32.dll)
      Found _SetWindowPos@28
        Referenced in RAEdit.obj
        Loaded user32.lib(user32.dll)
      Found _SetWindowTextA@8
        Referenced in RAEdit.obj
        Loaded user32.lib(user32.dll)
      Found _ShowCaret@4
        Referenced in RAEdit.obj
        Loaded user32.lib(user32.dll)
      Found _ShowCursor@4
        Referenced in RAEdit.obj
        Loaded user32.lib(user32.dll)
      Found _ShowWindow@8
        Referenced in RAEdit.obj
        Loaded user32.lib(user32.dll)
      Found _TabbedTextOutA@32
        Referenced in RAEdit.obj
        Loaded user32.lib(user32.dll)
      Found _UpdateWindow@4
        Referenced in RAEdit.obj
        Loaded user32.lib(user32.dll)
      Found _WindowFromPoint@8
        Referenced in RAEdit.obj
        Loaded user32.lib(user32.dll)
      Found __IMPORT_DESCRIPTOR_user32
        Referenced in user32.lib(user32.dll)
        Referenced in user32.lib(user32.dll)
        Referenced in user32.lib(user32.dll)
        Referenced in user32.lib(user32.dll)
        Referenced in user32.lib(user32.dll)
        Referenced in user32.lib(user32.dll)
        Referenced in user32.lib(user32.dll)
        Referenced in user32.lib(user32.dll)
        Referenced in user32.lib(user32.dll)
        Referenced in user32.lib(user32.dll)
        Referenced in user32.lib(user32.dll)
        Referenced in user32.lib(user32.dll)
        Referenced in user32.lib(user32.dll)
        Referenced in user32.lib(user32.dll)
        Referenced in user32.lib(user32.dll)
        Referenced in user32.lib(user32.dll)
        Referenced in user32.lib(user32.dll)
        Referenced in user32.lib(user32.dll)
        Referenced in user32.lib(user32.dll)
        Referenced in user32.lib(user32.dll)
        Referenced in user32.lib(user32.dll)
        Referenced in user32.lib(user32.dll)
        Referenced in user32.lib(user32.dll)
        Referenced in user32.lib(user32.dll)
        Referenced in user32.lib(user32.dll)
        Referenced in user32.lib(user32.dll)
        Referenced in user32.lib(user32.dll)
        Referenced in user32.lib(user32.dll)
        Referenced in user32.lib(user32.dll)
        Referenced in user32.lib(user32.dll)
        Referenced in user32.lib(user32.dll)
        Referenced in user32.lib(user32.dll)
        Referenced in user32.lib(user32.dll)
        Referenced in user32.lib(user32.dll)
        Referenced in user32.lib(user32.dll)
        Referenced in user32.lib(user32.dll)
        Referenced in user32.lib(user32.dll)
        Referenced in user32.lib(user32.dll)
        Referenced in user32.lib(user32.dll)
        Referenced in user32.lib(user32.dll)
        Referenced in user32.lib(user32.dll)
        Referenced in user32.lib(user32.dll)
        Referenced in user32.lib(user32.dll)
        Referenced in user32.lib(user32.dll)
        Referenced in user32.lib(user32.dll)
        Referenced in user32.lib(user32.dll)
        Referenced in user32.lib(user32.dll)
        Referenced in user32.lib(user32.dll)
        Referenced in user32.lib(user32.dll)
        Referenced in user32.lib(user32.dll)
        Referenced in user32.lib(user32.dll)
        Referenced in user32.lib(user32.dll)
        Referenced in user32.lib(user32.dll)
        Referenced in user32.lib(user32.dll)
        Referenced in user32.lib(user32.dll)
        Referenced in user32.lib(user32.dll)
        Referenced in user32.lib(user32.dll)
        Referenced in user32.lib(user32.dll)
        Referenced in user32.lib(user32.dll)
        Referenced in user32.lib(user32.dll)
        Referenced in user32.lib(user32.dll)
        Referenced in user32.lib(user32.dll)
        Referenced in user32.lib(user32.dll)
        Referenced in user32.lib(user32.dll)
        Referenced in user32.lib(user32.dll)
        Referenced in user32.lib(user32.dll)
        Referenced in user32.lib(user32.dll)
        Referenced in user32.lib(user32.dll)
        Referenced in user32.lib(user32.dll)
        Referenced in user32.lib(user32.dll)
        Referenced in user32.lib(user32.dll)
        Loaded user32.lib(user32.dll)
      Found user32_NULL_THUNK_DATA
        Referenced in user32.lib(user32.dll)
        Loaded user32.lib(user32.dll)
    Searching C:\Program Files (x86)\Masm32\Lib\kernel32.lib:
      Found _GetProcessHeap@0
        Referenced in RAEdit.obj
        Loaded kernel32.lib(kernel32.dll)
      Found _GlobalAlloc@8
        Referenced in RAEdit.obj
        Loaded kernel32.lib(kernel32.dll)
      Found _GlobalFree@4
        Referenced in RAEdit.obj
        Loaded kernel32.lib(kernel32.dll)
      Found _GlobalLock@4
        Referenced in RAEdit.obj
        Loaded kernel32.lib(kernel32.dll)
      Found _GlobalUnlock@4
        Referenced in RAEdit.obj
        Loaded kernel32.lib(kernel32.dll)
      Found _HeapAlloc@12
        Referenced in RAEdit.obj
        Loaded kernel32.lib(kernel32.dll)
      Found _HeapCreate@12
        Referenced in RAEdit.obj
        Loaded kernel32.lib(kernel32.dll)
      Found _HeapDestroy@4
        Referenced in RAEdit.obj
        Loaded kernel32.lib(kernel32.dll)
      Found _HeapFree@12
        Referenced in RAEdit.obj
        Loaded kernel32.lib(kernel32.dll)
      Found _MultiByteToWideChar@24
        Referenced in RAEdit.obj
        Loaded kernel32.lib(kernel32.dll)
      Found _RtlMoveMemory@12
        Referenced in RAEdit.obj
        Loaded kernel32.lib(kernel32.dll)
      Found _WideCharToMultiByte@32
        Referenced in RAEdit.obj
        Loaded kernel32.lib(kernel32.dll)
      Found _lstrcmpA@8
        Referenced in RAEdit.obj
        Loaded kernel32.lib(kernel32.dll)
      Found _lstrcmpiA@8
        Referenced in RAEdit.obj
        Loaded kernel32.lib(kernel32.dll)
      Found _lstrcpyA@8
        Referenced in RAEdit.obj
        Loaded kernel32.lib(kernel32.dll)
      Found _lstrlenA@4
        Referenced in RAEdit.obj
        Loaded kernel32.lib(kernel32.dll)
      Found __IMPORT_DESCRIPTOR_kernel32
        Referenced in kernel32.lib(kernel32.dll)
        Referenced in kernel32.lib(kernel32.dll)
        Referenced in kernel32.lib(kernel32.dll)
        Referenced in kernel32.lib(kernel32.dll)
        Referenced in kernel32.lib(kernel32.dll)
        Referenced in kernel32.lib(kernel32.dll)
        Referenced in kernel32.lib(kernel32.dll)
        Referenced in kernel32.lib(kernel32.dll)
        Referenced in kernel32.lib(kernel32.dll)
        Referenced in kernel32.lib(kernel32.dll)
        Referenced in kernel32.lib(kernel32.dll)
        Referenced in kernel32.lib(kernel32.dll)
        Referenced in kernel32.lib(kernel32.dll)
        Referenced in kernel32.lib(kernel32.dll)
        Referenced in kernel32.lib(kernel32.dll)
        Referenced in kernel32.lib(kernel32.dll)
        Loaded kernel32.lib(kernel32.dll)
      Found kernel32_NULL_THUNK_DATA
        Referenced in kernel32.lib(kernel32.dll)
        Loaded kernel32.lib(kernel32.dll)
    Searching C:\Program Files (x86)\Masm32\Lib\gdi32.lib:
      Found _BitBlt@36
        Referenced in RAEdit.obj
        Loaded gdi32.lib(gdi32.dll)
      Found _CreateCompatibleBitmap@12
        Referenced in RAEdit.obj
        Loaded gdi32.lib(gdi32.dll)
      Found _CreateCompatibleDC@4
        Referenced in RAEdit.obj
        Loaded gdi32.lib(gdi32.dll)
      Found _CreateFontIndirectA@4
        Referenced in RAEdit.obj
        Loaded gdi32.lib(gdi32.dll)
      Found _CreatePen@12
        Referenced in RAEdit.obj
        Referenced in masm32.lib(line.obj)
        Loaded gdi32.lib(gdi32.dll)
      Found _CreateRectRgn@16
        Referenced in RAEdit.obj
        Loaded gdi32.lib(gdi32.dll)
      Found _CreateSolidBrush@4
        Referenced in RAEdit.obj
        Loaded gdi32.lib(gdi32.dll)
      Found _DeleteDC@4
        Referenced in RAEdit.obj
        Loaded gdi32.lib(gdi32.dll)
      Found _DeleteObject@4
        Referenced in RAEdit.obj
        Referenced in masm32.lib(line.obj)
        Loaded gdi32.lib(gdi32.dll)
      Found _GetDeviceCaps@8
        Referenced in RAEdit.obj
        Loaded gdi32.lib(gdi32.dll)
      Found _GetObjectA@12
        Referenced in RAEdit.obj
        Loaded gdi32.lib(gdi32.dll)
      Found _GetStockObject@4
        Referenced in RAEdit.obj
        Loaded gdi32.lib(gdi32.dll)
      Found _GetTextExtentPoint32A@16
        Referenced in RAEdit.obj
        Loaded gdi32.lib(gdi32.dll)
      Found _GetTextMetricsA@8
        Referenced in RAEdit.obj
        Loaded gdi32.lib(gdi32.dll)
      Found _LineTo@12
        Referenced in RAEdit.obj
        Referenced in masm32.lib(line.obj)
        Loaded gdi32.lib(gdi32.dll)
      Found _MoveToEx@16
        Referenced in RAEdit.obj
        Referenced in masm32.lib(line.obj)
        Loaded gdi32.lib(gdi32.dll)
      Found _SelectClipRgn@8
        Referenced in RAEdit.obj
        Loaded gdi32.lib(gdi32.dll)
      Found _SelectObject@8
        Referenced in RAEdit.obj
        Referenced in masm32.lib(line.obj)
        Loaded gdi32.lib(gdi32.dll)
      Found _SetBkColor@8
        Referenced in RAEdit.obj
        Loaded gdi32.lib(gdi32.dll)
      Found _SetBkMode@8
        Referenced in RAEdit.obj
        Loaded gdi32.lib(gdi32.dll)
      Found _SetPixel@16
        Referenced in RAEdit.obj
        Loaded gdi32.lib(gdi32.dll)
      Found _SetTextColor@8
        Referenced in RAEdit.obj
        Loaded gdi32.lib(gdi32.dll)
      Found _TextOutA@20
        Referenced in RAEdit.obj
        Loaded gdi32.lib(gdi32.dll)
      Found __IMPORT_DESCRIPTOR_gdi32
        Referenced in gdi32.lib(gdi32.dll)
        Referenced in gdi32.lib(gdi32.dll)
        Referenced in gdi32.lib(gdi32.dll)
        Referenced in gdi32.lib(gdi32.dll)
        Referenced in gdi32.lib(gdi32.dll)
        Referenced in gdi32.lib(gdi32.dll)
        Referenced in gdi32.lib(gdi32.dll)
        Referenced in gdi32.lib(gdi32.dll)
        Referenced in gdi32.lib(gdi32.dll)
        Referenced in gdi32.lib(gdi32.dll)
        Referenced in gdi32.lib(gdi32.dll)
        Referenced in gdi32.lib(gdi32.dll)
        Referenced in gdi32.lib(gdi32.dll)
        Referenced in gdi32.lib(gdi32.dll)
        Referenced in gdi32.lib(gdi32.dll)
        Referenced in gdi32.lib(gdi32.dll)
        Referenced in gdi32.lib(gdi32.dll)
        Referenced in gdi32.lib(gdi32.dll)
        Referenced in gdi32.lib(gdi32.dll)
        Referenced in gdi32.lib(gdi32.dll)
        Referenced in gdi32.lib(gdi32.dll)
        Referenced in gdi32.lib(gdi32.dll)
        Referenced in gdi32.lib(gdi32.dll)
        Loaded gdi32.lib(gdi32.dll)
      Found gdi32_NULL_THUNK_DATA
        Referenced in gdi32.lib(gdi32.dll)
        Loaded gdi32.lib(gdi32.dll)
    Searching C:\Program Files (x86)\Masm32\Lib\ole32.lib:
      Found _DoDragDrop@16
        Referenced in RAEdit.obj
        Loaded ole32.lib(ole32.dll)
      Found _RegisterDragDrop@8
        Referenced in RAEdit.obj
        Loaded ole32.lib(ole32.dll)
      Found _RevokeDragDrop@4
        Referenced in RAEdit.obj
        Loaded ole32.lib(ole32.dll)
      Found __IMPORT_DESCRIPTOR_ole32
        Referenced in ole32.lib(ole32.dll)
        Referenced in ole32.lib(ole32.dll)
        Referenced in ole32.lib(ole32.dll)
        Loaded ole32.lib(ole32.dll)
      Found ole32_NULL_THUNK_DATA
        Referenced in ole32.lib(ole32.dll)
        Loaded ole32.lib(ole32.dll)

Done Searching Libraries

Start Generating .exp file
Microsoft (R) Library Manager Version 5.12.8078
Copyright (C) Microsoft Corp 1992-1998. All rights reserved.

"/def:Src\RAEdit.def" 
"/name:RAEdit.dll" 
"/out:Build\RAEdit.lib" 
/include:_DllEntry@12 
/SUBSYSTEM:CONSOLE 
"RAEdit.obj" 
"RAEdit.res" 
/machine:IX86 
/verbose 

Start Pass1
Processed /DEFAULTLIB:masm32.lib
Processed /DEFAULTLIB:comctl32.lib
Processed /DEFAULTLIB:user32.lib
Processed /DEFAULTLIB:kernel32.lib
Processed /DEFAULTLIB:gdi32.lib
Processed /DEFAULTLIB:ole32.lib
Processed /DEFAULTLIB:VKDebug.lib

Searching Libraries
    Searching C:\Program Files (x86)\Masm32\Lib\masm32.lib:
      Found _line@24
        Referenced in RAEdit.obj
        Loaded masm32.lib(line.obj)
    Searching C:\Program Files (x86)\Masm32\Lib\comctl32.lib:
      Found _ImageList_AddMasked@12
        Referenced in RAEdit.obj
        Loaded comctl32.lib(comctl32.dll)
      Found _ImageList_Create@20
        Referenced in RAEdit.obj
        Loaded comctl32.lib(comctl32.dll)
      Found _ImageList_Destroy@4
        Referenced in RAEdit.obj
        Loaded comctl32.lib(comctl32.dll)
      Found _ImageList_Draw@24
        Referenced in RAEdit.obj
        Loaded comctl32.lib(comctl32.dll)
      Found __IMPORT_DESCRIPTOR_comctl32
        Referenced in comctl32.lib(comctl32.dll)
        Referenced in comctl32.lib(comctl32.dll)
        Referenced in comctl32.lib(comctl32.dll)
        Referenced in comctl32.lib(comctl32.dll)
        Loaded comctl32.lib(comctl32.dll)
      Found __NULL_IMPORT_DESCRIPTOR
        Referenced in comctl32.lib(comctl32.dll)
        Loaded comctl32.lib(comctl32.dll)
      Found comctl32_NULL_THUNK_DATA
        Referenced in comctl32.lib(comctl32.dll)
        Loaded comctl32.lib(comctl32.dll)
    Searching C:\Program Files (x86)\Masm32\Lib\user32.lib:
      Found _BeginPaint@8
        Referenced in RAEdit.obj
        Loaded user32.lib(user32.dll)
      Found _CallWindowProcA@20
        Referenced in RAEdit.obj
        Loaded user32.lib(user32.dll)
      Found _CharLowerA@4
        Referenced in RAEdit.obj
        Loaded user32.lib(user32.dll)
      Found _CharUpperA@4
        Referenced in RAEdit.obj
        Loaded user32.lib(user32.dll)
      Found _CheckDlgButton@12
        Referenced in RAEdit.obj
        Loaded user32.lib(user32.dll)
      Found _ChildWindowFromPoint@12
        Referenced in RAEdit.obj
        Loaded user32.lib(user32.dll)
      Found _ClientToScreen@8
        Referenced in RAEdit.obj
        Loaded user32.lib(user32.dll)
      Found _CloseClipboard@0
        Referenced in RAEdit.obj
        Loaded user32.lib(user32.dll)
      Found _CopyRect@8
        Referenced in RAEdit.obj
        Loaded user32.lib(user32.dll)
      Found _CreateCaret@16
        Referenced in RAEdit.obj
        Loaded user32.lib(user32.dll)
      Found _CreateWindowExA@48
        Referenced in RAEdit.obj
        Loaded user32.lib(user32.dll)
      Found _DefWindowProcA@16
        Referenced in RAEdit.obj
        Loaded user32.lib(user32.dll)
      Found _DestroyCaret@0
        Referenced in RAEdit.obj
        Loaded user32.lib(user32.dll)
      Found _DestroyCursor@4
        Referenced in RAEdit.obj
        Loaded user32.lib(user32.dll)
      Found _DestroyWindow@4
        Referenced in RAEdit.obj
        Loaded user32.lib(user32.dll)
      Found _DrawTextA@20
        Referenced in RAEdit.obj
        Loaded user32.lib(user32.dll)
      Found _DrawTextExA@24
        Referenced in RAEdit.obj
        Loaded user32.lib(user32.dll)
      Found _EmptyClipboard@0
        Referenced in RAEdit.obj
        Loaded user32.lib(user32.dll)
      Found _EndPaint@8
        Referenced in RAEdit.obj
        Loaded user32.lib(user32.dll)
      Found _FillRect@12
        Referenced in RAEdit.obj
        Loaded user32.lib(user32.dll)
      Found _GetCaretPos@4
        Referenced in RAEdit.obj
        Loaded user32.lib(user32.dll)
      Found _GetClientRect@8
        Referenced in RAEdit.obj
        Loaded user32.lib(user32.dll)
      Found _GetClipboardData@4
        Referenced in RAEdit.obj
        Loaded user32.lib(user32.dll)
      Found _GetCursor@0
        Referenced in RAEdit.obj
        Loaded user32.lib(user32.dll)
      Found _GetCursorPos@4
        Referenced in RAEdit.obj
        Loaded user32.lib(user32.dll)
      Found _GetDC@4
        Referenced in RAEdit.obj
        Referenced in masm32.lib(line.obj)
        Loaded user32.lib(user32.dll)
      Found _GetFocus@0
        Referenced in RAEdit.obj
        Loaded user32.lib(user32.dll)
      Found _GetKeyState@4
        Referenced in RAEdit.obj
        Loaded user32.lib(user32.dll)
      Found _GetParent@4
        Referenced in RAEdit.obj
        Loaded user32.lib(user32.dll)
      Found _GetScrollInfo@12
        Referenced in RAEdit.obj
        Loaded user32.lib(user32.dll)
      Found _GetSysColor@4
        Referenced in RAEdit.obj
        Loaded user32.lib(user32.dll)
      Found _GetSystemMetrics@4
        Referenced in RAEdit.obj
        Loaded user32.lib(user32.dll)
      Found _GetUpdateRect@12
        Referenced in RAEdit.obj
        Loaded user32.lib(user32.dll)
      Found _GetWindowLongA@8
        Referenced in RAEdit.obj
        Loaded user32.lib(user32.dll)
      Found _GetWindowTextA@12
        Referenced in RAEdit.obj
        Loaded user32.lib(user32.dll)
      Found _HideCaret@4
        Referenced in RAEdit.obj
        Loaded user32.lib(user32.dll)
      Found _InvalidateRect@12
        Referenced in RAEdit.obj
        Loaded user32.lib(user32.dll)
      Found _IsCharAlphaA@4
        Referenced in RAEdit.obj
        Loaded user32.lib(user32.dll)
      Found _IsCharAlphaNumericA@4
        Referenced in RAEdit.obj
        Loaded user32.lib(user32.dll)
      Found _IsClipboardFormatAvailable@4
        Referenced in RAEdit.obj
        Loaded user32.lib(user32.dll)
      Found _IsDlgButtonChecked@8
        Referenced in RAEdit.obj
        Loaded user32.lib(user32.dll)
      Found _KillTimer@8
        Referenced in RAEdit.obj
        Loaded user32.lib(user32.dll)
      Found _LoadBitmapA@8
        Referenced in RAEdit.obj
        Loaded user32.lib(user32.dll)
      Found _LoadCursorA@8
        Referenced in RAEdit.obj
        Loaded user32.lib(user32.dll)
      Found _MessageBeep@4
        Referenced in RAEdit.obj
        Loaded user32.lib(user32.dll)
      Found _MessageBoxA@16
        Referenced in RAEdit.obj
        Loaded user32.lib(user32.dll)
      Found _MoveWindow@24
        Referenced in RAEdit.obj
        Loaded user32.lib(user32.dll)
      Found _OpenClipboard@4
        Referenced in RAEdit.obj
        Loaded user32.lib(user32.dll)
      Found _PostMessageA@16
        Referenced in RAEdit.obj
        Loaded user32.lib(user32.dll)
      Found _RegisterClassExA@4
        Referenced in RAEdit.obj
        Loaded user32.lib(user32.dll)
      Found _ReleaseCapture@0
        Referenced in RAEdit.obj
        Loaded user32.lib(user32.dll)
      Found _ReleaseDC@8
        Referenced in RAEdit.obj
        Loaded user32.lib(user32.dll)
      Found _ScreenToClient@8
        Referenced in RAEdit.obj
        Loaded user32.lib(user32.dll)
      Found _ScrollWindow@20
        Referenced in RAEdit.obj
        Loaded user32.lib(user32.dll)
      Found _SendMessageA@16
        Referenced in RAEdit.obj
        Loaded user32.lib(user32.dll)
      Found _SetCapture@4
        Referenced in RAEdit.obj
        Loaded user32.lib(user32.dll)
      Found _SetCaretPos@8
        Referenced in RAEdit.obj
        Loaded user32.lib(user32.dll)
      Found _SetClipboardData@8
        Referenced in RAEdit.obj
        Loaded user32.lib(user32.dll)
      Found _SetCursor@4
        Referenced in RAEdit.obj
        Loaded user32.lib(user32.dll)
      Found _SetFocus@4
        Referenced in RAEdit.obj
        Loaded user32.lib(user32.dll)
      Found _SetScrollInfo@16
        Referenced in RAEdit.obj
        Loaded user32.lib(user32.dll)
      Found _SetTimer@16
        Referenced in RAEdit.obj
        Loaded user32.lib(user32.dll)
      Found _SetWindowLongA@12
        Referenced in RAEdit.obj
        Loaded user32.lib(user32.dll)
      Found _SetWindowPos@28
        Referenced in RAEdit.obj
        Loaded user32.lib(user32.dll)
      Found _SetWindowTextA@8
        Referenced in RAEdit.obj
        Loaded user32.lib(user32.dll)
      Found _ShowCaret@4
        Referenced in RAEdit.obj
        Loaded user32.lib(user32.dll)
      Found _ShowCursor@4
        Referenced in RAEdit.obj
        Loaded user32.lib(user32.dll)
      Found _ShowWindow@8
        Referenced in RAEdit.obj
        Loaded user32.lib(user32.dll)
      Found _TabbedTextOutA@32
        Referenced in RAEdit.obj
        Loaded user32.lib(user32.dll)
      Found _UpdateWindow@4
        Referenced in RAEdit.obj
        Loaded user32.lib(user32.dll)
      Found _WindowFromPoint@8
        Referenced in RAEdit.obj
        Loaded user32.lib(user32.dll)
      Found __IMPORT_DESCRIPTOR_user32
        Referenced in user32.lib(user32.dll)
        Referenced in user32.lib(user32.dll)
        Referenced in user32.lib(user32.dll)
        Referenced in user32.lib(user32.dll)
        Referenced in user32.lib(user32.dll)
        Referenced in user32.lib(user32.dll)
        Referenced in user32.lib(user32.dll)
        Referenced in user32.lib(user32.dll)
        Referenced in user32.lib(user32.dll)
        Referenced in user32.lib(user32.dll)
        Referenced in user32.lib(user32.dll)
        Referenced in user32.lib(user32.dll)
        Referenced in user32.lib(user32.dll)
        Referenced in user32.lib(user32.dll)
        Referenced in user32.lib(user32.dll)
        Referenced in user32.lib(user32.dll)
        Referenced in user32.lib(user32.dll)
        Referenced in user32.lib(user32.dll)
        Referenced in user32.lib(user32.dll)
        Referenced in user32.lib(user32.dll)
        Referenced in user32.lib(user32.dll)
        Referenced in user32.lib(user32.dll)
        Referenced in user32.lib(user32.dll)
        Referenced in user32.lib(user32.dll)
        Referenced in user32.lib(user32.dll)
        Referenced in user32.lib(user32.dll)
        Referenced in user32.lib(user32.dll)
        Referenced in user32.lib(user32.dll)
        Referenced in user32.lib(user32.dll)
        Referenced in user32.lib(user32.dll)
        Referenced in user32.lib(user32.dll)
        Referenced in user32.lib(user32.dll)
        Referenced in user32.lib(user32.dll)
        Referenced in user32.lib(user32.dll)
        Referenced in user32.lib(user32.dll)
        Referenced in user32.lib(user32.dll)
        Referenced in user32.lib(user32.dll)
        Referenced in user32.lib(user32.dll)
        Referenced in user32.lib(user32.dll)
        Referenced in user32.lib(user32.dll)
        Referenced in user32.lib(user32.dll)
        Referenced in user32.lib(user32.dll)
        Referenced in user32.lib(user32.dll)
        Referenced in user32.lib(user32.dll)
        Referenced in user32.lib(user32.dll)
        Referenced in user32.lib(user32.dll)
        Referenced in user32.lib(user32.dll)
        Referenced in user32.lib(user32.dll)
        Referenced in user32.lib(user32.dll)
        Referenced in user32.lib(user32.dll)
        Referenced in user32.lib(user32.dll)
        Referenced in user32.lib(user32.dll)
        Referenced in user32.lib(user32.dll)
        Referenced in user32.lib(user32.dll)
        Referenced in user32.lib(user32.dll)
        Referenced in user32.lib(user32.dll)
        Referenced in user32.lib(user32.dll)
        Referenced in user32.lib(user32.dll)
        Referenced in user32.lib(user32.dll)
        Referenced in user32.lib(user32.dll)
        Referenced in user32.lib(user32.dll)
        Referenced in user32.lib(user32.dll)
        Referenced in user32.lib(user32.dll)
        Referenced in user32.lib(user32.dll)
        Referenced in user32.lib(user32.dll)
        Referenced in user32.lib(user32.dll)
        Referenced in user32.lib(user32.dll)
        Referenced in user32.lib(user32.dll)
        Referenced in user32.lib(user32.dll)
        Referenced in user32.lib(user32.dll)
        Referenced in user32.lib(user32.dll)
        Loaded user32.lib(user32.dll)
      Found user32_NULL_THUNK_DATA
        Referenced in user32.lib(user32.dll)
        Loaded user32.lib(user32.dll)
    Searching C:\Program Files (x86)\Masm32\Lib\kernel32.lib:
      Found _GetProcessHeap@0
        Referenced in RAEdit.obj
        Loaded kernel32.lib(kernel32.dll)
      Found _GlobalAlloc@8
        Referenced in RAEdit.obj
        Loaded kernel32.lib(kernel32.dll)
      Found _GlobalFree@4
        Referenced in RAEdit.obj
        Loaded kernel32.lib(kernel32.dll)
      Found _GlobalLock@4
        Referenced in RAEdit.obj
        Loaded kernel32.lib(kernel32.dll)
      Found _GlobalUnlock@4
        Referenced in RAEdit.obj
        Loaded kernel32.lib(kernel32.dll)
      Found _HeapAlloc@12
        Referenced in RAEdit.obj
        Loaded kernel32.lib(kernel32.dll)
      Found _HeapCreate@12
        Referenced in RAEdit.obj
        Loaded kernel32.lib(kernel32.dll)
      Found _HeapDestroy@4
        Referenced in RAEdit.obj
        Loaded kernel32.lib(kernel32.dll)
      Found _HeapFree@12
        Referenced in RAEdit.obj
        Loaded kernel32.lib(kernel32.dll)
      Found _MultiByteToWideChar@24
        Referenced in RAEdit.obj
        Loaded kernel32.lib(kernel32.dll)
      Found _RtlMoveMemory@12
        Referenced in RAEdit.obj
        Loaded kernel32.lib(kernel32.dll)
      Found _WideCharToMultiByte@32
        Referenced in RAEdit.obj
        Loaded kernel32.lib(kernel32.dll)
      Found _lstrcmpA@8
        Referenced in RAEdit.obj
        Loaded kernel32.lib(kernel32.dll)
      Found _lstrcmpiA@8
        Referenced in RAEdit.obj
        Loaded kernel32.lib(kernel32.dll)
      Found _lstrcpyA@8
        Referenced in RAEdit.obj
        Loaded kernel32.lib(kernel32.dll)
      Found _lstrlenA@4
        Referenced in RAEdit.obj
        Loaded kernel32.lib(kernel32.dll)
      Found __IMPORT_DESCRIPTOR_kernel32
        Referenced in kernel32.lib(kernel32.dll)
        Referenced in kernel32.lib(kernel32.dll)
        Referenced in kernel32.lib(kernel32.dll)
        Referenced in kernel32.lib(kernel32.dll)
        Referenced in kernel32.lib(kernel32.dll)
        Referenced in kernel32.lib(kernel32.dll)
        Referenced in kernel32.lib(kernel32.dll)
        Referenced in kernel32.lib(kernel32.dll)
        Referenced in kernel32.lib(kernel32.dll)
        Referenced in kernel32.lib(kernel32.dll)
        Referenced in kernel32.lib(kernel32.dll)
        Referenced in kernel32.lib(kernel32.dll)
        Referenced in kernel32.lib(kernel32.dll)
        Referenced in kernel32.lib(kernel32.dll)
        Referenced in kernel32.lib(kernel32.dll)
        Referenced in kernel32.lib(kernel32.dll)
        Loaded kernel32.lib(kernel32.dll)
      Found kernel32_NULL_THUNK_DATA
        Referenced in kernel32.lib(kernel32.dll)
        Loaded kernel32.lib(kernel32.dll)
    Searching C:\Program Files (x86)\Masm32\Lib\gdi32.lib:
      Found _BitBlt@36
        Referenced in RAEdit.obj
        Loaded gdi32.lib(gdi32.dll)
      Found _CreateCompatibleBitmap@12
        Referenced in RAEdit.obj
        Loaded gdi32.lib(gdi32.dll)
      Found _CreateCompatibleDC@4
        Referenced in RAEdit.obj
        Loaded gdi32.lib(gdi32.dll)
      Found _CreateFontIndirectA@4
        Referenced in RAEdit.obj
        Loaded gdi32.lib(gdi32.dll)
      Found _CreatePen@12
        Referenced in RAEdit.obj
        Referenced in masm32.lib(line.obj)
        Loaded gdi32.lib(gdi32.dll)
      Found _CreateRectRgn@16
        Referenced in RAEdit.obj
        Loaded gdi32.lib(gdi32.dll)
      Found _CreateSolidBrush@4
        Referenced in RAEdit.obj
        Loaded gdi32.lib(gdi32.dll)
      Found _DeleteDC@4
        Referenced in RAEdit.obj
        Loaded gdi32.lib(gdi32.dll)
      Found _DeleteObject@4
        Referenced in RAEdit.obj
        Referenced in masm32.lib(line.obj)
        Loaded gdi32.lib(gdi32.dll)
      Found _GetDeviceCaps@8
        Referenced in RAEdit.obj
        Loaded gdi32.lib(gdi32.dll)
      Found _GetObjectA@12
        Referenced in RAEdit.obj
        Loaded gdi32.lib(gdi32.dll)
      Found _GetStockObject@4
        Referenced in RAEdit.obj
        Loaded gdi32.lib(gdi32.dll)
      Found _GetTextExtentPoint32A@16
        Referenced in RAEdit.obj
        Loaded gdi32.lib(gdi32.dll)
      Found _GetTextMetricsA@8
        Referenced in RAEdit.obj
        Loaded gdi32.lib(gdi32.dll)
      Found _LineTo@12
        Referenced in RAEdit.obj
        Referenced in masm32.lib(line.obj)
        Loaded gdi32.lib(gdi32.dll)
      Found _MoveToEx@16
        Referenced in RAEdit.obj
        Referenced in masm32.lib(line.obj)
        Loaded gdi32.lib(gdi32.dll)
      Found _SelectClipRgn@8
        Referenced in RAEdit.obj
        Loaded gdi32.lib(gdi32.dll)
      Found _SelectObject@8
        Referenced in RAEdit.obj
        Referenced in masm32.lib(line.obj)
        Loaded gdi32.lib(gdi32.dll)
      Found _SetBkColor@8
        Referenced in RAEdit.obj
        Loaded gdi32.lib(gdi32.dll)
      Found _SetBkMode@8
        Referenced in RAEdit.obj
        Loaded gdi32.lib(gdi32.dll)
      Found _SetPixel@16
        Referenced in RAEdit.obj
        Loaded gdi32.lib(gdi32.dll)
      Found _SetTextColor@8
        Referenced in RAEdit.obj
        Loaded gdi32.lib(gdi32.dll)
      Found _TextOutA@20
        Referenced in RAEdit.obj
        Loaded gdi32.lib(gdi32.dll)
      Found __IMPORT_DESCRIPTOR_gdi32
        Referenced in gdi32.lib(gdi32.dll)
        Referenced in gdi32.lib(gdi32.dll)
        Referenced in gdi32.lib(gdi32.dll)
        Referenced in gdi32.lib(gdi32.dll)
        Referenced in gdi32.lib(gdi32.dll)
        Referenced in gdi32.lib(gdi32.dll)
        Referenced in gdi32.lib(gdi32.dll)
        Referenced in gdi32.lib(gdi32.dll)
        Referenced in gdi32.lib(gdi32.dll)
        Referenced in gdi32.lib(gdi32.dll)
        Referenced in gdi32.lib(gdi32.dll)
        Referenced in gdi32.lib(gdi32.dll)
        Referenced in gdi32.lib(gdi32.dll)
        Referenced in gdi32.lib(gdi32.dll)
        Referenced in gdi32.lib(gdi32.dll)
        Referenced in gdi32.lib(gdi32.dll)
        Referenced in gdi32.lib(gdi32.dll)
        Referenced in gdi32.lib(gdi32.dll)
        Referenced in gdi32.lib(gdi32.dll)
        Referenced in gdi32.lib(gdi32.dll)
        Referenced in gdi32.lib(gdi32.dll)
        Referenced in gdi32.lib(gdi32.dll)
        Referenced in gdi32.lib(gdi32.dll)
        Loaded gdi32.lib(gdi32.dll)
      Found gdi32_NULL_THUNK_DATA
        Referenced in gdi32.lib(gdi32.dll)
        Loaded gdi32.lib(gdi32.dll)
    Searching C:\Program Files (x86)\Masm32\Lib\ole32.lib:
      Found _DoDragDrop@16
        Referenced in RAEdit.obj
        Loaded ole32.lib(ole32.dll)
      Found _RegisterDragDrop@8
        Referenced in RAEdit.obj
        Loaded ole32.lib(ole32.dll)
      Found _RevokeDragDrop@4
        Referenced in RAEdit.obj
        Loaded ole32.lib(ole32.dll)
      Found __IMPORT_DESCRIPTOR_ole32
        Referenced in ole32.lib(ole32.dll)
        Referenced in ole32.lib(ole32.dll)
        Referenced in ole32.lib(ole32.dll)
        Loaded ole32.lib(ole32.dll)
      Found ole32_NULL_THUNK_DATA
        Referenced in ole32.lib(ole32.dll)
        Loaded ole32.lib(ole32.dll)

Done Searching Libraries

End Pass1

   Creating library Build\RAEdit.lib and object Build\RAEdit.exp

End Generating .exp file

Searching Libraries
    Searching C:\Program Files (x86)\Masm32\Lib\masm32.lib:

Done Searching Libraries

End Pass1

Start Pass2
     RAEdit.exp
     RAEdit.res
     RAEdit.obj
     masm32.lib(line.obj)
     comctl32.lib(comctl32.dll)
     comctl32.lib(comctl32.dll)
     comctl32.lib(comctl32.dll)
     comctl32.lib(comctl32.dll)
     comctl32.lib(comctl32.dll)
     comctl32.lib(comctl32.dll)
     comctl32.lib(comctl32.dll)
     user32.lib(user32.dll)
     user32.lib(user32.dll)
     user32.lib(user32.dll)
     user32.lib(user32.dll)
     user32.lib(user32.dll)
     user32.lib(user32.dll)
     user32.lib(user32.dll)
     user32.lib(user32.dll)
     user32.lib(user32.dll)
     user32.lib(user32.dll)
     user32.lib(user32.dll)
     user32.lib(user32.dll)
     user32.lib(user32.dll)
     user32.lib(user32.dll)
     user32.lib(user32.dll)
     user32.lib(user32.dll)
     user32.lib(user32.dll)
     user32.lib(user32.dll)
     user32.lib(user32.dll)
     user32.lib(user32.dll)
     user32.lib(user32.dll)
     user32.lib(user32.dll)
     user32.lib(user32.dll)
     user32.lib(user32.dll)
     user32.lib(user32.dll)
     user32.lib(user32.dll)
     user32.lib(user32.dll)
     user32.lib(user32.dll)
     user32.lib(user32.dll)
     user32.lib(user32.dll)
     user32.lib(user32.dll)
     user32.lib(user32.dll)
     user32.lib(user32.dll)
     user32.lib(user32.dll)
     user32.lib(user32.dll)
     user32.lib(user32.dll)
     user32.lib(user32.dll)
     user32.lib(user32.dll)
     user32.lib(user32.dll)
     user32.lib(user32.dll)
     user32.lib(user32.dll)
     user32.lib(user32.dll)
     user32.lib(user32.dll)
     user32.lib(user32.dll)
     user32.lib(user32.dll)
     user32.lib(user32.dll)
     user32.lib(user32.dll)
     user32.lib(user32.dll)
     user32.lib(user32.dll)
     user32.lib(user32.dll)
     user32.lib(user32.dll)
     user32.lib(user32.dll)
     user32.lib(user32.dll)
     user32.lib(user32.dll)
     user32.lib(user32.dll)
     user32.lib(user32.dll)
     user32.lib(user32.dll)
     user32.lib(user32.dll)
     user32.lib(user32.dll)
     user32.lib(user32.dll)
     user32.lib(user32.dll)
     user32.lib(user32.dll)
     user32.lib(user32.dll)
     user32.lib(user32.dll)
     user32.lib(user32.dll)
     user32.lib(user32.dll)
     user32.lib(user32.dll)
     user32.lib(user32.dll)
     user32.lib(user32.dll)
     user32.lib(user32.dll)
     user32.lib(user32.dll)
     user32.lib(user32.dll)
     user32.lib(user32.dll)
     kernel32.lib(kernel32.dll)
     kernel32.lib(kernel32.dll)
     kernel32.lib(kernel32.dll)
     kernel32.lib(kernel32.dll)
     kernel32.lib(kernel32.dll)
     kernel32.lib(kernel32.dll)
     kernel32.lib(kernel32.dll)
     kernel32.lib(kernel32.dll)
     kernel32.lib(kernel32.dll)
     kernel32.lib(kernel32.dll)
     kernel32.lib(kernel32.dll)
     kernel32.lib(kernel32.dll)
     kernel32.lib(kernel32.dll)
     kernel32.lib(kernel32.dll)
     kernel32.lib(kernel32.dll)
     kernel32.lib(kernel32.dll)
     kernel32.lib(kernel32.dll)
     kernel32.lib(kernel32.dll)
     gdi32.lib(gdi32.dll)
     gdi32.lib(gdi32.dll)
     gdi32.lib(gdi32.dll)
     gdi32.lib(gdi32.dll)
     gdi32.lib(gdi32.dll)
     gdi32.lib(gdi32.dll)
     gdi32.lib(gdi32.dll)
     gdi32.lib(gdi32.dll)
     gdi32.lib(gdi32.dll)
     gdi32.lib(gdi32.dll)
     gdi32.lib(gdi32.dll)
     gdi32.lib(gdi32.dll)
     gdi32.lib(gdi32.dll)
     gdi32.lib(gdi32.dll)
     gdi32.lib(gdi32.dll)
     gdi32.lib(gdi32.dll)
     gdi32.lib(gdi32.dll)
     gdi32.lib(gdi32.dll)
     gdi32.lib(gdi32.dll)
     gdi32.lib(gdi32.dll)
     gdi32.lib(gdi32.dll)
     gdi32.lib(gdi32.dll)
     gdi32.lib(gdi32.dll)
     gdi32.lib(gdi32.dll)
     gdi32.lib(gdi32.dll)
     ole32.lib(ole32.dll)
     ole32.lib(ole32.dll)
     ole32.lib(ole32.dll)
     ole32.lib(ole32.dll)
     ole32.lib(ole32.dll)
End Pass2
 Assembling: Src\RAEdit.asm
RAEdit.obj
